<?xml version="1.0" encoding="UTF-8"?>
<testsuite xmlns:xsi="http://www.w3.org/2001/XMLSchema-instance" xsi:schemaLocation="https://maven.apache.org/surefire/maven-surefire-plugin/xsd/surefire-test-report.xsd" name="TestSuite" time="423.383" tests="35" errors="0" skipped="0" failures="5">
  <properties>
    <property name="java.runtime.name" value="Java(TM) SE Runtime Environment"/>
    <property name="sun.boot.library.path" value="C:\Program Files\Java\jdk1.8.0_92\jre\bin"/>
    <property name="java.vm.version" value="25.92-b14"/>
    <property name="java.vm.vendor" value="Oracle Corporation"/>
    <property name="maven.multiModuleProjectDirectory" value="D:\analytics-site-model"/>
    <property name="java.vendor.url" value="http://java.oracle.com/"/>
    <property name="path.separator" value=";"/>
    <property name="guice.disable.misplaced.annotation.check" value="true"/>
    <property name="java.vm.name" value="Java HotSpot(TM) 64-Bit Server VM"/>
    <property name="file.encoding.pkg" value="sun.io"/>
    <property name="user.script" value=""/>
    <property name="user.country" value="GB"/>
    <property name="sun.java.launcher" value="SUN_STANDARD"/>
    <property name="sun.os.patch.level" value=""/>
    <property name="java.vm.specification.name" value="Java Virtual Machine Specification"/>
    <property name="user.dir" value="D:\analytics-site-model"/>
    <property name="java.runtime.version" value="1.8.0_92-b14"/>
    <property name="java.awt.graphicsenv" value="sun.awt.Win32GraphicsEnvironment"/>
    <property name="java.endorsed.dirs" value="C:\Program Files\Java\jdk1.8.0_92\jre\lib\endorsed"/>
    <property name="os.arch" value="amd64"/>
    <property name="java.io.tmpdir" value="C:\Users\masquith\AppData\Local\Temp\"/>
    <property name="line.separator" value="&#10;"/>
    <property name="java.vm.specification.vendor" value="Oracle Corporation"/>
    <property name="user.variant" value=""/>
    <property name="os.name" value="Windows 10"/>
    <property name="classworlds.conf" value="C:\mvn\apache-maven-3.3.9\bin\..\bin\m2.conf"/>
    <property name="sun.jnu.encoding" value="Cp1252"/>
    <property name="java.library.path" value="C:\Program Files\Java\jdk1.8.0_92\bin;C:\WINDOWS\Sun\Java\bin;C:\WINDOWS\system32;C:\WINDOWS;C:\Selenium\Drivers;C:\mvn\apache-maven-3.3.9\bin;JAVA_HOME;C:\ProgramData\Oracle\Java\javapath;c:\Program Files (x86)\Intel\iCLS Client\;c:\Program Files\Intel\iCLS Client\;C:\WINDOWS\system32;C:\WINDOWS;C:\WINDOWS\System32\Wbem;C:\WINDOWS\System32\WindowsPowerShell\v1.0\;C:\Program Files\Intel\Intel(R) Management Engine Components\DAL;C:\Program Files\Intel\Intel(R) Management Engine Components\IPT;C:\Program Files (x86)\Intel\Intel(R) Management Engine Components\DAL;C:\Program Files (x86)\Intel\Intel(R) Management Engine Components\IPT;C:\Program Files (x86)\Intel\OpenCL SDK\2.0\bin\x86;C:\Program Files (x86)\Intel\OpenCL SDK\2.0\bin\x64;C:\Program Files\Git\cmd;C:\Users\masquith\AppData\Local\Microsoft\WindowsApps;;."/>
    <property name="java.specification.name" value="Java Platform API Specification"/>
    <property name="java.class.version" value="52.0"/>
    <property name="sun.management.compiler" value="HotSpot 64-Bit Tiered Compilers"/>
    <property name="os.version" value="10.0"/>
    <property name="user.home" value="C:\Users\masquith"/>
    <property name="user.timezone" value="Europe/London"/>
    <property name="java.awt.printerjob" value="sun.awt.windows.WPrinterJob"/>
    <property name="java.specification.version" value="1.8"/>
    <property name="file.encoding" value="Cp1252"/>
    <property name="user.name" value="masquith"/>
    <property name="java.class.path" value="C:\mvn\apache-maven-3.3.9\bin\..\boot\plexus-classworlds-2.5.2.jar"/>
    <property name="java.vm.specification.version" value="1.8"/>
    <property name="sun.arch.data.model" value="64"/>
    <property name="java.home" value="C:\Program Files\Java\jdk1.8.0_92\jre"/>
    <property name="sun.java.command" value="org.codehaus.plexus.classworlds.launcher.Launcher clean test"/>
    <property name="java.specification.vendor" value="Oracle Corporation"/>
    <property name="user.language" value="en"/>
    <property name="awt.toolkit" value="sun.awt.windows.WToolkit"/>
    <property name="java.vm.info" value="mixed mode"/>
    <property name="java.version" value="1.8.0_92"/>
    <property name="java.ext.dirs" value="C:\Program Files\Java\jdk1.8.0_92\jre\lib\ext;C:\WINDOWS\Sun\Java\lib\ext"/>
    <property name="sun.boot.class.path" value="C:\Program Files\Java\jdk1.8.0_92\jre\lib\resources.jar;C:\Program Files\Java\jdk1.8.0_92\jre\lib\rt.jar;C:\Program Files\Java\jdk1.8.0_92\jre\lib\sunrsasign.jar;C:\Program Files\Java\jdk1.8.0_92\jre\lib\jsse.jar;C:\Program Files\Java\jdk1.8.0_92\jre\lib\jce.jar;C:\Program Files\Java\jdk1.8.0_92\jre\lib\charsets.jar;C:\Program Files\Java\jdk1.8.0_92\jre\lib\jfr.jar;C:\Program Files\Java\jdk1.8.0_92\jre\classes"/>
    <property name="sun.stderr.encoding" value="cp850"/>
    <property name="java.vendor" value="Oracle Corporation"/>
    <property name="maven.home" value="C:\mvn\apache-maven-3.3.9\bin\.."/>
    <property name="file.separator" value="\"/>
    <property name="java.vendor.url.bug" value="http://bugreport.sun.com/bugreport/"/>
    <property name="sun.cpu.endian" value="little"/>
    <property name="sun.io.unicode.encoding" value="UnicodeLittle"/>
    <property name="sun.stdout.encoding" value="cp850"/>
    <property name="sun.desktop" value="windows"/>
    <property name="sun.cpu.isalist" value="amd64"/>
  </properties>
  <testcase name="checkReportTables" classname="reports.FigureChecking" time="22.457"/>
  <testcase name="checkReportTables" classname="reports.FigureChecking" time="26.311"/>
  <testcase name="checkReportTables" classname="reports.FigureChecking" time="27.499"/>
  <testcase name="checkReportTables" classname="reports.FigureChecking" time="14.478"/>
  <testcase name="checkReportTables" classname="reports.FigureChecking" time="21.123">
    <failure message="Rows with differences&#10;Expected: is &lt;0&gt;&#10;     but: was &lt;9&gt;" type="java.lang.AssertionError"><![CDATA[java.lang.AssertionError: 
Rows with differences
Expected: is <0>
     but: was <9>
	at reports.FigureChecking.checkNamedTableFigures(FigureChecking.java:303)
	at reports.FigureChecking.checkReportTables(FigureChecking.java:46)
]]></failure>
    <system-out><![CDATA[2527 Headlines on LT022.SISRA.local testing dev
Compared [2446_17_A8P8_EBacc_001.csv] with [Extracted Report Data]
>>>>> 9 rows are different between expected and actual table data
Differences can be examined in [D:\analytics-site-model\test-resources\table-data\\Diff\]
Compared [2446_17_A8P8_Open_001.csv] with [Extracted Report Data]
>>>>> 11 rows are different between expected and actual table data
Differences can be examined in [D:\analytics-site-model\test-resources\table-data\\Diff\]
]]></system-out>
    <system-err><![CDATA[Feb 10, 2017 2:59:04 PM org.openqa.selenium.remote.ProtocolHandshake createSession
INFO: Attempting bi-dialect session, assuming Postel's Law holds true on the remote end
]]></system-err>
  </testcase>
  <testcase name="checkReportTables" classname="reports.FigureChecking" time="0.996">
    <failure message="Rows with differences&#10;Expected: is &lt;0&gt;&#10;     but: was &lt;11&gt;" type="java.lang.AssertionError"><![CDATA[java.lang.AssertionError: 
Rows with differences
Expected: is <0>
     but: was <11>
	at reports.FigureChecking.checkNamedTableFigures(FigureChecking.java:303)
	at reports.FigureChecking.checkReportTables(FigureChecking.java:46)
]]></failure>
    <system-out><![CDATA[2527 Headlines Compare on LT022.SISRA.local testing dev
]]></system-out>
    <system-err><![CDATA[Feb 10, 2017 2:59:09 PM org.openqa.selenium.remote.ProtocolHandshake createSession
INFO: Detected dialect: OSS
Feb 10, 2017 2:59:10 PM org.openqa.selenium.remote.ProtocolHandshake createSession
INFO: Attempting bi-dialect session, assuming Postel's Law holds true on the remote end
]]></system-err>
  </testcase>
  <testcase name="checkReportTables" classname="reports.FigureChecking" time="24.272">
    <failure message="Expected condition failed: waiting for visibility of all [] (tried for 20 second(s) with 500 MILLISECONDS interval)&#10;Build info: version: &apos;3.0.1&apos;, revision: &apos;1969d75&apos;, time: &apos;2016-10-18 09:49:13 -0700&apos;&#10;System info: host: &apos;LT022&apos;, ip: &apos;10.10.10.71&apos;, os.name: &apos;Windows 10&apos;, os.arch: &apos;amd64&apos;, os.version: &apos;10.0&apos;, java.version: &apos;1.8.0_92&apos;&#10;Driver info: analytics.AnalyticsDriver&#10;Capabilities [{rotatable=false, raisesAccessibilityExceptions=false, marionette=true, firefoxOptions={args=[], profile=UEsDBBQACAgIAGJ3SkoAAAAAAAAAAAAAAAAHAAAAdXNlci5qc51WTW/bMAy971cMOW3AKqTretlOXdcBA4Z1aFDsKMgSbauRJU0fcfPvR/mjSRNHbndKbJMS+fj4yOjBUeugfLconGnxiXhWQvdf6oo0TLXMAQHNCgVi8eFtyZSH91/exJ2nYAFtrHEhudTAVKj7Z4JGG8ln/DWE1rg1qUOwxNbS19uz9Nky788U6CrU6Pjx8vK52xiwAybwR0AAHkB8l86HK4yFK0C34OJhuKbBvB4pr51pgHrupA3URU2DbJLLxXL6osAKTxAOfauvlfEwnc1oLUyrlWEC79KsSsDWpv1Tg14hWgmpaXeLQdng02W0MYKpGexhE4xRnoBzxnGjvVH7cB+n72WljUbUGmgKcKvu0edz8eC9RKtgkAsOfETcSgyUcsd8nfdVUq+JsaApPAZwmqlUzFczqExlvYt6+rIWCuHkBp8Z54DljBoz90gHysEFP4nEU6Wkt4ptQdycL1e/DDInlfbTtDG+Erf6j9RYX3++JBIvMvd3P9FjwQoTw+dCMb1eHHOuT4gypeiDRzBSnLKH/ji2RysRbrQlbS0DKOkDHvA3SneKCYkGaxnI0E0j6zC5xIUsAIphYbAB8lTzibfRkhq7xuLZtAXFUwdFl0q6OEg5VVt3rCHRYoGBaIS23N6jyat1JNrUSjfZ8IBHJ8MWmaIA/xEfnOSBGicrqak1SvJtnqoaWmw7MuSTqeazQPuTSXq5ikUju1b53b286sj4Mt2cPCab8VN3DoVJRUHLE+q160NMs+34e9yIpizRDs6YtZ4g+0xLiy0VULKowrScjLBzbwf+TEd7zIcs20Y6I/dRqYLbkl4ZO/uPc7bZo0dEbu5/XpELwnZFOk7vgW1YPyGyonpYirFH8jw6jtvBQzfEspf0NE3H5/PcQ5zFYL71SrDiSIIkOufLUxran0o1C/hIYQN6RkH3JuMtMmw2nEIZvu407UWF8sAcrwfazE3dhvTkJiI2Nls0JPmLqPiMLwYBclJMC+qRBh2Kz8X05tOL9dnYfciiEGdG8mB7QlmGFWd+t9kbnL4b67vBiQoUO6nOIpeYNR3EXuuYftJ1K9APfd1vKSeXs2Fk0U6sBMKoK5rkf4YkNeC05DXw9bder772X14/zQgTQqaI2cwgmNyZ/3dXVqaq0sthictK/14vdRlfozRitxZSJfZpWdVBnRh2e67jjf+jbHRsBNLgWtgRcZFWSQcHGO02mbR5IrFxf5xZZXZ9r0ofbb8B7JaMf1BLBwh1hce1pQMAALUMAABQSwECFAAUAAgICABid0pKdYXHtaUDAAC1DAAABwAAAAAAAAAAAAAAAAAAAAAAdXNlci5qc1BLBQYAAAAAAQABADUAAADaAwAAAAA=}, appBuildId=20170125094131, moz:firefoxOptions={args=[], profile=UEsDBBQACAgIAGJ3SkoAAAAAAAAAAAAAAAAHAAAAdXNlci5qc51WTW/bMAy971cMOW3AKqTretlOXdcBA4Z1aFDsKMgSbauRJU0fcfPvR/mjSRNHbndKbJMS+fj4yOjBUeugfLconGnxiXhWQvdf6oo0TLXMAQHNCgVi8eFtyZSH91/exJ2nYAFtrHEhudTAVKj7Z4JGG8ln/DWE1rg1qUOwxNbS19uz9Nky788U6CrU6Pjx8vK52xiwAybwR0AAHkB8l86HK4yFK0C34OJhuKbBvB4pr51pgHrupA3URU2DbJLLxXL6osAKTxAOfauvlfEwnc1oLUyrlWEC79KsSsDWpv1Tg14hWgmpaXeLQdng02W0MYKpGexhE4xRnoBzxnGjvVH7cB+n72WljUbUGmgKcKvu0edz8eC9RKtgkAsOfETcSgyUcsd8nfdVUq+JsaApPAZwmqlUzFczqExlvYt6+rIWCuHkBp8Z54DljBoz90gHysEFP4nEU6Wkt4ptQdycL1e/DDInlfbTtDG+Erf6j9RYX3++JBIvMvd3P9FjwQoTw+dCMb1eHHOuT4gypeiDRzBSnLKH/ji2RysRbrQlbS0DKOkDHvA3SneKCYkGaxnI0E0j6zC5xIUsAIphYbAB8lTzibfRkhq7xuLZtAXFUwdFl0q6OEg5VVt3rCHRYoGBaIS23N6jyat1JNrUSjfZ8IBHJ8MWmaIA/xEfnOSBGicrqak1SvJtnqoaWmw7MuSTqeazQPuTSXq5ikUju1b53b286sj4Mt2cPCab8VN3DoVJRUHLE+q160NMs+34e9yIpizRDs6YtZ4g+0xLiy0VULKowrScjLBzbwf+TEd7zIcs20Y6I/dRqYLbkl4ZO/uPc7bZo0dEbu5/XpELwnZFOk7vgW1YPyGyonpYirFH8jw6jtvBQzfEspf0NE3H5/PcQ5zFYL71SrDiSIIkOufLUxran0o1C/hIYQN6RkH3JuMtMmw2nEIZvu407UWF8sAcrwfazE3dhvTkJiI2Nls0JPmLqPiMLwYBclJMC+qRBh2Kz8X05tOL9dnYfciiEGdG8mB7QlmGFWd+t9kbnL4b67vBiQoUO6nOIpeYNR3EXuuYftJ1K9APfd1vKSeXs2Fk0U6sBMKoK5rkf4YkNeC05DXw9bder772X14/zQgTQqaI2cwgmNyZ/3dXVqaq0sthictK/14vdRlfozRitxZSJfZpWdVBnRh2e67jjf+jbHRsBNLgWtgRcZFWSQcHGO02mbR5IrFxf5xZZXZ9r0ofbb8B7JaMf1BLBwh1hce1pQMAALUMAABQSwECFAAUAAgICABid0pKdYXHtaUDAAC1DAAABwAAAAAAAAAAAAAAAAAAAAAAdXNlci5qc1BLBQYAAAAAAQABADUAAADaAwAAAAA=}, version=51.0.1, platform=XP, proxy={}, command_id=1, specificationLevel=0, acceptSslCerts=false, processId=4568, webdriver.remote.sessionid=c0a0fbe7-bcc6-48c8-8cb6-c4a254b9841f, browserVersion=51.0.1, platformVersion=10.0, XULappId={ec8030f7-c20a-464f-9b0e-13a3a9e97384}, browserName=firefox, takesScreenshot=true, takesElementScreenshot=true, javascriptEnabled=true, platformName=windows_nt, cssSelectorsEnabled=true}]&#10;Session ID: c0a0fbe7-bcc6-48c8-8cb6-c4a254b9841f" type="org.openqa.selenium.TimeoutException">org.openqa.selenium.TimeoutException: 
Expected condition failed: waiting for visibility of all [] (tried for 20 second(s) with 500 MILLISECONDS interval)
Build info: version: '3.0.1', revision: '1969d75', time: '2016-10-18 09:49:13 -0700'
System info: host: 'LT022', ip: '10.10.10.71', os.name: 'Windows 10', os.arch: 'amd64', os.version: '10.0', java.version: '1.8.0_92'
Driver info: analytics.AnalyticsDriver
Capabilities [{rotatable=false, raisesAccessibilityExceptions=false, marionette=true, firefoxOptions={args=[], profile=UEsDBBQACAgIAGJ3SkoAAAAAAAAAAAAAAAAHAAAAdXNlci5qc51WTW/bMAy971cMOW3AKqTretlOXdcBA4Z1aFDsKMgSbauRJU0fcfPvR/mjSRNHbndKbJMS+fj4yOjBUeugfLconGnxiXhWQvdf6oo0TLXMAQHNCgVi8eFtyZSH91/exJ2nYAFtrHEhudTAVKj7Z4JGG8ln/DWE1rg1qUOwxNbS19uz9Nky788U6CrU6Pjx8vK52xiwAybwR0AAHkB8l86HK4yFK0C34OJhuKbBvB4pr51pgHrupA3URU2DbJLLxXL6osAKTxAOfauvlfEwnc1oLUyrlWEC79KsSsDWpv1Tg14hWgmpaXeLQdng02W0MYKpGexhE4xRnoBzxnGjvVH7cB+n72WljUbUGmgKcKvu0edz8eC9RKtgkAsOfETcSgyUcsd8nfdVUq+JsaApPAZwmqlUzFczqExlvYt6+rIWCuHkBp8Z54DljBoz90gHysEFP4nEU6Wkt4ptQdycL1e/DDInlfbTtDG+Erf6j9RYX3++JBIvMvd3P9FjwQoTw+dCMb1eHHOuT4gypeiDRzBSnLKH/ji2RysRbrQlbS0DKOkDHvA3SneKCYkGaxnI0E0j6zC5xIUsAIphYbAB8lTzibfRkhq7xuLZtAXFUwdFl0q6OEg5VVt3rCHRYoGBaIS23N6jyat1JNrUSjfZ8IBHJ8MWmaIA/xEfnOSBGicrqak1SvJtnqoaWmw7MuSTqeazQPuTSXq5ikUju1b53b286sj4Mt2cPCab8VN3DoVJRUHLE+q160NMs+34e9yIpizRDs6YtZ4g+0xLiy0VULKowrScjLBzbwf+TEd7zIcs20Y6I/dRqYLbkl4ZO/uPc7bZo0dEbu5/XpELwnZFOk7vgW1YPyGyonpYirFH8jw6jtvBQzfEspf0NE3H5/PcQ5zFYL71SrDiSIIkOufLUxran0o1C/hIYQN6RkH3JuMtMmw2nEIZvu407UWF8sAcrwfazE3dhvTkJiI2Nls0JPmLqPiMLwYBclJMC+qRBh2Kz8X05tOL9dnYfciiEGdG8mB7QlmGFWd+t9kbnL4b67vBiQoUO6nOIpeYNR3EXuuYftJ1K9APfd1vKSeXs2Fk0U6sBMKoK5rkf4YkNeC05DXw9bder772X14/zQgTQqaI2cwgmNyZ/3dXVqaq0sthictK/14vdRlfozRitxZSJfZpWdVBnRh2e67jjf+jbHRsBNLgWtgRcZFWSQcHGO02mbR5IrFxf5xZZXZ9r0ofbb8B7JaMf1BLBwh1hce1pQMAALUMAABQSwECFAAUAAgICABid0pKdYXHtaUDAAC1DAAABwAAAAAAAAAAAAAAAAAAAAAAdXNlci5qc1BLBQYAAAAAAQABADUAAADaAwAAAAA=}, appBuildId=20170125094131, moz:firefoxOptions={args=[], profile=UEsDBBQACAgIAGJ3SkoAAAAAAAAAAAAAAAAHAAAAdXNlci5qc51WTW/bMAy971cMOW3AKqTretlOXdcBA4Z1aFDsKMgSbauRJU0fcfPvR/mjSRNHbndKbJMS+fj4yOjBUeugfLconGnxiXhWQvdf6oo0TLXMAQHNCgVi8eFtyZSH91/exJ2nYAFtrHEhudTAVKj7Z4JGG8ln/DWE1rg1qUOwxNbS19uz9Nky788U6CrU6Pjx8vK52xiwAybwR0AAHkB8l86HK4yFK0C34OJhuKbBvB4pr51pgHrupA3URU2DbJLLxXL6osAKTxAOfauvlfEwnc1oLUyrlWEC79KsSsDWpv1Tg14hWgmpaXeLQdng02W0MYKpGexhE4xRnoBzxnGjvVH7cB+n72WljUbUGmgKcKvu0edz8eC9RKtgkAsOfETcSgyUcsd8nfdVUq+JsaApPAZwmqlUzFczqExlvYt6+rIWCuHkBp8Z54DljBoz90gHysEFP4nEU6Wkt4ptQdycL1e/DDInlfbTtDG+Erf6j9RYX3++JBIvMvd3P9FjwQoTw+dCMb1eHHOuT4gypeiDRzBSnLKH/ji2RysRbrQlbS0DKOkDHvA3SneKCYkGaxnI0E0j6zC5xIUsAIphYbAB8lTzibfRkhq7xuLZtAXFUwdFl0q6OEg5VVt3rCHRYoGBaIS23N6jyat1JNrUSjfZ8IBHJ8MWmaIA/xEfnOSBGicrqak1SvJtnqoaWmw7MuSTqeazQPuTSXq5ikUju1b53b286sj4Mt2cPCab8VN3DoVJRUHLE+q160NMs+34e9yIpizRDs6YtZ4g+0xLiy0VULKowrScjLBzbwf+TEd7zIcs20Y6I/dRqYLbkl4ZO/uPc7bZo0dEbu5/XpELwnZFOk7vgW1YPyGyonpYirFH8jw6jtvBQzfEspf0NE3H5/PcQ5zFYL71SrDiSIIkOufLUxran0o1C/hIYQN6RkH3JuMtMmw2nEIZvu407UWF8sAcrwfazE3dhvTkJiI2Nls0JPmLqPiMLwYBclJMC+qRBh2Kz8X05tOL9dnYfciiEGdG8mB7QlmGFWd+t9kbnL4b67vBiQoUO6nOIpeYNR3EXuuYftJ1K9APfd1vKSeXs2Fk0U6sBMKoK5rkf4YkNeC05DXw9bder772X14/zQgTQqaI2cwgmNyZ/3dXVqaq0sthictK/14vdRlfozRitxZSJfZpWdVBnRh2e67jjf+jbHRsBNLgWtgRcZFWSQcHGO02mbR5IrFxf5xZZXZ9r0ofbb8B7JaMf1BLBwh1hce1pQMAALUMAABQSwECFAAUAAgICABid0pKdYXHtaUDAAC1DAAABwAAAAAAAAAAAAAAAAAAAAAAdXNlci5qc1BLBQYAAAAAAQABADUAAADaAwAAAAA=}, version=51.0.1, platform=XP, proxy={}, command_id=1, specificationLevel=0, acceptSslCerts=false, processId=4568, webdriver.remote.sessionid=c0a0fbe7-bcc6-48c8-8cb6-c4a254b9841f, browserVersion=51.0.1, platformVersion=10.0, XULappId={ec8030f7-c20a-464f-9b0e-13a3a9e97384}, browserName=firefox, takesScreenshot=true, takesElementScreenshot=true, javascriptEnabled=true, platformName=windows_nt, cssSelectorsEnabled=true}]
Session ID: c0a0fbe7-bcc6-48c8-8cb6-c4a254b9841f
	at reports.FigureChecking.openView(FigureChecking.java:152)
	at reports.FigureChecking.checkReportTables(FigureChecking.java:38)
</failure>
    <system-out><![CDATA[2527 Headlines Breakdown on LT022.SISRA.local testing dev
Exception choosing Area > Report > Level
]]></system-out>
    <system-err><![CDATA[Feb 10, 2017 2:59:12 PM org.openqa.selenium.remote.ProtocolHandshake createSession
INFO: Attempting bi-dialect session, assuming Postel's Law holds true on the remote end
Feb 10, 2017 2:59:14 PM org.openqa.selenium.remote.ProtocolHandshake createSession
INFO: Detected dialect: OSS
Feb 10, 2017 2:59:18 PM org.openqa.selenium.remote.ProtocolHandshake createSession
INFO: Detected dialect: OSS
]]></system-err>
  </testcase>
  <testcase name="checkReportTables" classname="reports.FigureChecking" time="27.741">
    <failure message="Expected condition failed: waiting for visibility of all [] (tried for 20 second(s) with 500 MILLISECONDS interval)&#10;Build info: version: &apos;3.0.1&apos;, revision: &apos;1969d75&apos;, time: &apos;2016-10-18 09:49:13 -0700&apos;&#10;System info: host: &apos;LT022&apos;, ip: &apos;10.10.10.71&apos;, os.name: &apos;Windows 10&apos;, os.arch: &apos;amd64&apos;, os.version: &apos;10.0&apos;, java.version: &apos;1.8.0_92&apos;&#10;Driver info: analytics.AnalyticsDriver&#10;Capabilities [{rotatable=false, raisesAccessibilityExceptions=false, marionette=true, firefoxOptions={args=[], profile=UEsDBBQACAgIAGV3SkoAAAAAAAAAAAAAAAAHAAAAdXNlci5qc51WTW/bMAy971cMOW3AKqTretlOXdcBA4Z1aFDsKMgSbauRJU0fcfPvR/mjSRNHbndKbJMS+fj4yOjBUeugfLconGnxiXhWQvdf6oo0TLXMAQHNCgVi8eFtyZSH91/exJ2nYAFtrHEhudTAVKj7Z4JGG8ln/DWE1rg1qUOwxNbS19uz9Nky788U6CrU6Pjx8vK52xiwAybwR0AAHkB8l86HK4yFK0C34OJhuKbBvB4pr51pgHrupA3URU2DbJLLxXL6osAKTxAOfauvlfEwnc1oLUyrlWEC79KsSsDWpv1Tg14hWgmpaXeLQdng02W0MYKpGexhE4xRnoBzxnGjvVH7cB+n72WljUbUGmgKcKvu0edz8eC9RKtgkAsOfETcSgyUcsd8nfdVUq+JsaApPAZwmqlUzFczqExlvYt6+rIWCuHkBp8Z54DljBoz90gHysEFP4nEU6Wkt4ptQdycL1e/DDInlfbTtDG+Erf6j9RYX3++JBIvMvd3P9FjwQoTw+dCMb1eHHOuT4gypeiDRzBSnLKH/ji2RysRbrQlbS0DKOkDHvA3SneKCYkGaxnI0E0j6zC5xIUsAIphYbAB8lTzibfRkhq7xuLZtAXFUwdFl0q6OEg5VVt3rCHRYoGBaIS23N6jyat1JNrUSjfZ8IBHJ8MWmaIA/xEfnOSBGicrqak1SvJtnqoaWmw7MuSTqeazQPuTSXq5ikUju1b53b286sj4Mt2cPCab8VN3DoVJRUHLE+q160NMs+34e9yIpizRDs6YtZ4g+0xLiy0VULKowrScjLBzbwf+TEd7zIcs20Y6I/dRqYLbkl4ZO/uPc7bZo0dEbu5/XpELwnZFOk7vgW1YPyGyonpYirFH8jw6jtvBQzfEspf0NE3H5/PcQ5zFYL71SrDiSIIkOufLUxran0o1C/hIYQN6RkH3JuMtMmw2nEIZvu407UWF8sAcrwfazE3dhvTkJiI2Nls0JPmLqPiMLwYBclJMC+qRBh2Kz8X05tOL9dnYfciiEGdG8mB7QlmGFWd+t9kbnL4b67vBiQoUO6nOIpeYNR3EXuuYftJ1K9APfd1vKSeXs2Fk0U6sBMKoK5rkf4YkNeC05DXw9bder772X14/zQgTQqaI2cwgmNyZ/3dXVqaq0sthictK/14vdRlfozRitxZSJfZpWdVBnRh2e67jjf+jbHRsBNLgWtgRcZFWSQcHGO02mbR5IrFxf5xZZXZ9r0ofbb8B7JaMf1BLBwh1hce1pQMAALUMAABQSwECFAAUAAgICABld0pKdYXHtaUDAAC1DAAABwAAAAAAAAAAAAAAAAAAAAAAdXNlci5qc1BLBQYAAAAAAQABADUAAADaAwAAAAA=}, appBuildId=20170125094131, moz:firefoxOptions={args=[], profile=UEsDBBQACAgIAGV3SkoAAAAAAAAAAAAAAAAHAAAAdXNlci5qc51WTW/bMAy971cMOW3AKqTretlOXdcBA4Z1aFDsKMgSbauRJU0fcfPvR/mjSRNHbndKbJMS+fj4yOjBUeugfLconGnxiXhWQvdf6oo0TLXMAQHNCgVi8eFtyZSH91/exJ2nYAFtrHEhudTAVKj7Z4JGG8ln/DWE1rg1qUOwxNbS19uz9Nky788U6CrU6Pjx8vK52xiwAybwR0AAHkB8l86HK4yFK0C34OJhuKbBvB4pr51pgHrupA3URU2DbJLLxXL6osAKTxAOfauvlfEwnc1oLUyrlWEC79KsSsDWpv1Tg14hWgmpaXeLQdng02W0MYKpGexhE4xRnoBzxnGjvVH7cB+n72WljUbUGmgKcKvu0edz8eC9RKtgkAsOfETcSgyUcsd8nfdVUq+JsaApPAZwmqlUzFczqExlvYt6+rIWCuHkBp8Z54DljBoz90gHysEFP4nEU6Wkt4ptQdycL1e/DDInlfbTtDG+Erf6j9RYX3++JBIvMvd3P9FjwQoTw+dCMb1eHHOuT4gypeiDRzBSnLKH/ji2RysRbrQlbS0DKOkDHvA3SneKCYkGaxnI0E0j6zC5xIUsAIphYbAB8lTzibfRkhq7xuLZtAXFUwdFl0q6OEg5VVt3rCHRYoGBaIS23N6jyat1JNrUSjfZ8IBHJ8MWmaIA/xEfnOSBGicrqak1SvJtnqoaWmw7MuSTqeazQPuTSXq5ikUju1b53b286sj4Mt2cPCab8VN3DoVJRUHLE+q160NMs+34e9yIpizRDs6YtZ4g+0xLiy0VULKowrScjLBzbwf+TEd7zIcs20Y6I/dRqYLbkl4ZO/uPc7bZo0dEbu5/XpELwnZFOk7vgW1YPyGyonpYirFH8jw6jtvBQzfEspf0NE3H5/PcQ5zFYL71SrDiSIIkOufLUxran0o1C/hIYQN6RkH3JuMtMmw2nEIZvu407UWF8sAcrwfazE3dhvTkJiI2Nls0JPmLqPiMLwYBclJMC+qRBh2Kz8X05tOL9dnYfciiEGdG8mB7QlmGFWd+t9kbnL4b67vBiQoUO6nOIpeYNR3EXuuYftJ1K9APfd1vKSeXs2Fk0U6sBMKoK5rkf4YkNeC05DXw9bder772X14/zQgTQqaI2cwgmNyZ/3dXVqaq0sthictK/14vdRlfozRitxZSJfZpWdVBnRh2e67jjf+jbHRsBNLgWtgRcZFWSQcHGO02mbR5IrFxf5xZZXZ9r0ofbb8B7JaMf1BLBwh1hce1pQMAALUMAABQSwECFAAUAAgICABld0pKdYXHtaUDAAC1DAAABwAAAAAAAAAAAAAAAAAAAAAAdXNlci5qc1BLBQYAAAAAAQABADUAAADaAwAAAAA=}, version=51.0.1, platform=XP, proxy={}, command_id=1, specificationLevel=0, acceptSslCerts=false, processId=3168, webdriver.remote.sessionid=5e6bf40f-93f9-4846-b144-090aa5f2520a, browserVersion=51.0.1, platformVersion=10.0, XULappId={ec8030f7-c20a-464f-9b0e-13a3a9e97384}, browserName=firefox, takesScreenshot=true, takesElementScreenshot=true, javascriptEnabled=true, platformName=windows_nt, cssSelectorsEnabled=true}]&#10;Session ID: 5e6bf40f-93f9-4846-b144-090aa5f2520a" type="org.openqa.selenium.TimeoutException">org.openqa.selenium.TimeoutException: 
Expected condition failed: waiting for visibility of all [] (tried for 20 second(s) with 500 MILLISECONDS interval)
Build info: version: '3.0.1', revision: '1969d75', time: '2016-10-18 09:49:13 -0700'
System info: host: 'LT022', ip: '10.10.10.71', os.name: 'Windows 10', os.arch: 'amd64', os.version: '10.0', java.version: '1.8.0_92'
Driver info: analytics.AnalyticsDriver
Capabilities [{rotatable=false, raisesAccessibilityExceptions=false, marionette=true, firefoxOptions={args=[], profile=UEsDBBQACAgIAGV3SkoAAAAAAAAAAAAAAAAHAAAAdXNlci5qc51WTW/bMAy971cMOW3AKqTretlOXdcBA4Z1aFDsKMgSbauRJU0fcfPvR/mjSRNHbndKbJMS+fj4yOjBUeugfLconGnxiXhWQvdf6oo0TLXMAQHNCgVi8eFtyZSH91/exJ2nYAFtrHEhudTAVKj7Z4JGG8ln/DWE1rg1qUOwxNbS19uz9Nky788U6CrU6Pjx8vK52xiwAybwR0AAHkB8l86HK4yFK0C34OJhuKbBvB4pr51pgHrupA3URU2DbJLLxXL6osAKTxAOfauvlfEwnc1oLUyrlWEC79KsSsDWpv1Tg14hWgmpaXeLQdng02W0MYKpGexhE4xRnoBzxnGjvVH7cB+n72WljUbUGmgKcKvu0edz8eC9RKtgkAsOfETcSgyUcsd8nfdVUq+JsaApPAZwmqlUzFczqExlvYt6+rIWCuHkBp8Z54DljBoz90gHysEFP4nEU6Wkt4ptQdycL1e/DDInlfbTtDG+Erf6j9RYX3++JBIvMvd3P9FjwQoTw+dCMb1eHHOuT4gypeiDRzBSnLKH/ji2RysRbrQlbS0DKOkDHvA3SneKCYkGaxnI0E0j6zC5xIUsAIphYbAB8lTzibfRkhq7xuLZtAXFUwdFl0q6OEg5VVt3rCHRYoGBaIS23N6jyat1JNrUSjfZ8IBHJ8MWmaIA/xEfnOSBGicrqak1SvJtnqoaWmw7MuSTqeazQPuTSXq5ikUju1b53b286sj4Mt2cPCab8VN3DoVJRUHLE+q160NMs+34e9yIpizRDs6YtZ4g+0xLiy0VULKowrScjLBzbwf+TEd7zIcs20Y6I/dRqYLbkl4ZO/uPc7bZo0dEbu5/XpELwnZFOk7vgW1YPyGyonpYirFH8jw6jtvBQzfEspf0NE3H5/PcQ5zFYL71SrDiSIIkOufLUxran0o1C/hIYQN6RkH3JuMtMmw2nEIZvu407UWF8sAcrwfazE3dhvTkJiI2Nls0JPmLqPiMLwYBclJMC+qRBh2Kz8X05tOL9dnYfciiEGdG8mB7QlmGFWd+t9kbnL4b67vBiQoUO6nOIpeYNR3EXuuYftJ1K9APfd1vKSeXs2Fk0U6sBMKoK5rkf4YkNeC05DXw9bder772X14/zQgTQqaI2cwgmNyZ/3dXVqaq0sthictK/14vdRlfozRitxZSJfZpWdVBnRh2e67jjf+jbHRsBNLgWtgRcZFWSQcHGO02mbR5IrFxf5xZZXZ9r0ofbb8B7JaMf1BLBwh1hce1pQMAALUMAABQSwECFAAUAAgICABld0pKdYXHtaUDAAC1DAAABwAAAAAAAAAAAAAAAAAAAAAAdXNlci5qc1BLBQYAAAAAAQABADUAAADaAwAAAAA=}, appBuildId=20170125094131, moz:firefoxOptions={args=[], profile=UEsDBBQACAgIAGV3SkoAAAAAAAAAAAAAAAAHAAAAdXNlci5qc51WTW/bMAy971cMOW3AKqTretlOXdcBA4Z1aFDsKMgSbauRJU0fcfPvR/mjSRNHbndKbJMS+fj4yOjBUeugfLconGnxiXhWQvdf6oo0TLXMAQHNCgVi8eFtyZSH91/exJ2nYAFtrHEhudTAVKj7Z4JGG8ln/DWE1rg1qUOwxNbS19uz9Nky788U6CrU6Pjx8vK52xiwAybwR0AAHkB8l86HK4yFK0C34OJhuKbBvB4pr51pgHrupA3URU2DbJLLxXL6osAKTxAOfauvlfEwnc1oLUyrlWEC79KsSsDWpv1Tg14hWgmpaXeLQdng02W0MYKpGexhE4xRnoBzxnGjvVH7cB+n72WljUbUGmgKcKvu0edz8eC9RKtgkAsOfETcSgyUcsd8nfdVUq+JsaApPAZwmqlUzFczqExlvYt6+rIWCuHkBp8Z54DljBoz90gHysEFP4nEU6Wkt4ptQdycL1e/DDInlfbTtDG+Erf6j9RYX3++JBIvMvd3P9FjwQoTw+dCMb1eHHOuT4gypeiDRzBSnLKH/ji2RysRbrQlbS0DKOkDHvA3SneKCYkGaxnI0E0j6zC5xIUsAIphYbAB8lTzibfRkhq7xuLZtAXFUwdFl0q6OEg5VVt3rCHRYoGBaIS23N6jyat1JNrUSjfZ8IBHJ8MWmaIA/xEfnOSBGicrqak1SvJtnqoaWmw7MuSTqeazQPuTSXq5ikUju1b53b286sj4Mt2cPCab8VN3DoVJRUHLE+q160NMs+34e9yIpizRDs6YtZ4g+0xLiy0VULKowrScjLBzbwf+TEd7zIcs20Y6I/dRqYLbkl4ZO/uPc7bZo0dEbu5/XpELwnZFOk7vgW1YPyGyonpYirFH8jw6jtvBQzfEspf0NE3H5/PcQ5zFYL71SrDiSIIkOufLUxran0o1C/hIYQN6RkH3JuMtMmw2nEIZvu407UWF8sAcrwfazE3dhvTkJiI2Nls0JPmLqPiMLwYBclJMC+qRBh2Kz8X05tOL9dnYfciiEGdG8mB7QlmGFWd+t9kbnL4b67vBiQoUO6nOIpeYNR3EXuuYftJ1K9APfd1vKSeXs2Fk0U6sBMKoK5rkf4YkNeC05DXw9bder772X14/zQgTQqaI2cwgmNyZ/3dXVqaq0sthictK/14vdRlfozRitxZSJfZpWdVBnRh2e67jjf+jbHRsBNLgWtgRcZFWSQcHGO02mbR5IrFxf5xZZXZ9r0ofbb8B7JaMf1BLBwh1hce1pQMAALUMAABQSwECFAAUAAgICABld0pKdYXHtaUDAAC1DAAABwAAAAAAAAAAAAAAAAAAAAAAdXNlci5qc1BLBQYAAAAAAQABADUAAADaAwAAAAA=}, version=51.0.1, platform=XP, proxy={}, command_id=1, specificationLevel=0, acceptSslCerts=false, processId=3168, webdriver.remote.sessionid=5e6bf40f-93f9-4846-b144-090aa5f2520a, browserVersion=51.0.1, platformVersion=10.0, XULappId={ec8030f7-c20a-464f-9b0e-13a3a9e97384}, browserName=firefox, takesScreenshot=true, takesElementScreenshot=true, javascriptEnabled=true, platformName=windows_nt, cssSelectorsEnabled=true}]
Session ID: 5e6bf40f-93f9-4846-b144-090aa5f2520a
	at reports.FigureChecking.openView(FigureChecking.java:152)
	at reports.FigureChecking.checkReportTables(FigureChecking.java:38)
</failure>
    <system-out><![CDATA[Exception choosing Area > Report > Level
]]></system-out>
  </testcase>
  <testcase name="checkReportTables" classname="reports.FigureChecking" time="30.517">
    <failure message="Expected condition failed: waiting for visibility of all [] (tried for 20 second(s) with 500 MILLISECONDS interval)&#10;Build info: version: &apos;3.0.1&apos;, revision: &apos;1969d75&apos;, time: &apos;2016-10-18 09:49:13 -0700&apos;&#10;System info: host: &apos;LT022&apos;, ip: &apos;10.10.10.71&apos;, os.name: &apos;Windows 10&apos;, os.arch: &apos;amd64&apos;, os.version: &apos;10.0&apos;, java.version: &apos;1.8.0_92&apos;&#10;Driver info: analytics.AnalyticsDriver&#10;Capabilities [{rotatable=false, raisesAccessibilityExceptions=false, marionette=true, firefoxOptions={args=[], profile=UEsDBBQACAgIAGZ3SkoAAAAAAAAAAAAAAAAHAAAAdXNlci5qc51WTW/bMAy971cMOW3AKqTretlOXdcBA4Z1aFDsKMgSbauRJU0fcfPvR/mjSRNHbndKbJMS+fj4yOjBUeugfLconGnxiXhWQvdf6oo0TLXMAQHNCgVi8eFtyZSH91/exJ2nYAFtrHEhudTAVKj7Z4JGG8ln/DWE1rg1qUOwxNbS19uz9Nky788U6CrU6Pjx8vK52xiwAybwR0AAHkB8l86HK4yFK0C34OJhuKbBvB4pr51pgHrupA3URU2DbJLLxXL6osAKTxAOfauvlfEwnc1oLUyrlWEC79KsSsDWpv1Tg14hWgmpaXeLQdng02W0MYKpGexhE4xRnoBzxnGjvVH7cB+n72WljUbUGmgKcKvu0edz8eC9RKtgkAsOfETcSgyUcsd8nfdVUq+JsaApPAZwmqlUzFczqExlvYt6+rIWCuHkBp8Z54DljBoz90gHysEFP4nEU6Wkt4ptQdycL1e/DDInlfbTtDG+Erf6j9RYX3++JBIvMvd3P9FjwQoTw+dCMb1eHHOuT4gypeiDRzBSnLKH/ji2RysRbrQlbS0DKOkDHvA3SneKCYkGaxnI0E0j6zC5xIUsAIphYbAB8lTzibfRkhq7xuLZtAXFUwdFl0q6OEg5VVt3rCHRYoGBaIS23N6jyat1JNrUSjfZ8IBHJ8MWmaIA/xEfnOSBGicrqak1SvJtnqoaWmw7MuSTqeazQPuTSXq5ikUju1b53b286sj4Mt2cPCab8VN3DoVJRUHLE+q160NMs+34e9yIpizRDs6YtZ4g+0xLiy0VULKowrScjLBzbwf+TEd7zIcs20Y6I/dRqYLbkl4ZO/uPc7bZo0dEbu5/XpELwnZFOk7vgW1YPyGyonpYirFH8jw6jtvBQzfEspf0NE3H5/PcQ5zFYL71SrDiSIIkOufLUxran0o1C/hIYQN6RkH3JuMtMmw2nEIZvu407UWF8sAcrwfazE3dhvTkJiI2Nls0JPmLqPiMLwYBclJMC+qRBh2Kz8X05tOL9dnYfciiEGdG8mB7QlmGFWd+t9kbnL4b67vBiQoUO6nOIpeYNR3EXuuYftJ1K9APfd1vKSeXs2Fk0U6sBMKoK5rkf4YkNeC05DXw9bder772X14/zQgTQqaI2cwgmNyZ/3dXVqaq0sthictK/14vdRlfozRitxZSJfZpWdVBnRh2e67jjf+jbHRsBNLgWtgRcZFWSQcHGO02mbR5IrFxf5xZZXZ9r0ofbb8B7JaMf1BLBwh1hce1pQMAALUMAABQSwECFAAUAAgICABmd0pKdYXHtaUDAAC1DAAABwAAAAAAAAAAAAAAAAAAAAAAdXNlci5qc1BLBQYAAAAAAQABADUAAADaAwAAAAA=}, appBuildId=20170125094131, moz:firefoxOptions={args=[], profile=UEsDBBQACAgIAGZ3SkoAAAAAAAAAAAAAAAAHAAAAdXNlci5qc51WTW/bMAy971cMOW3AKqTretlOXdcBA4Z1aFDsKMgSbauRJU0fcfPvR/mjSRNHbndKbJMS+fj4yOjBUeugfLconGnxiXhWQvdf6oo0TLXMAQHNCgVi8eFtyZSH91/exJ2nYAFtrHEhudTAVKj7Z4JGG8ln/DWE1rg1qUOwxNbS19uz9Nky788U6CrU6Pjx8vK52xiwAybwR0AAHkB8l86HK4yFK0C34OJhuKbBvB4pr51pgHrupA3URU2DbJLLxXL6osAKTxAOfauvlfEwnc1oLUyrlWEC79KsSsDWpv1Tg14hWgmpaXeLQdng02W0MYKpGexhE4xRnoBzxnGjvVH7cB+n72WljUbUGmgKcKvu0edz8eC9RKtgkAsOfETcSgyUcsd8nfdVUq+JsaApPAZwmqlUzFczqExlvYt6+rIWCuHkBp8Z54DljBoz90gHysEFP4nEU6Wkt4ptQdycL1e/DDInlfbTtDG+Erf6j9RYX3++JBIvMvd3P9FjwQoTw+dCMb1eHHOuT4gypeiDRzBSnLKH/ji2RysRbrQlbS0DKOkDHvA3SneKCYkGaxnI0E0j6zC5xIUsAIphYbAB8lTzibfRkhq7xuLZtAXFUwdFl0q6OEg5VVt3rCHRYoGBaIS23N6jyat1JNrUSjfZ8IBHJ8MWmaIA/xEfnOSBGicrqak1SvJtnqoaWmw7MuSTqeazQPuTSXq5ikUju1b53b286sj4Mt2cPCab8VN3DoVJRUHLE+q160NMs+34e9yIpizRDs6YtZ4g+0xLiy0VULKowrScjLBzbwf+TEd7zIcs20Y6I/dRqYLbkl4ZO/uPc7bZo0dEbu5/XpELwnZFOk7vgW1YPyGyonpYirFH8jw6jtvBQzfEspf0NE3H5/PcQ5zFYL71SrDiSIIkOufLUxran0o1C/hIYQN6RkH3JuMtMmw2nEIZvu407UWF8sAcrwfazE3dhvTkJiI2Nls0JPmLqPiMLwYBclJMC+qRBh2Kz8X05tOL9dnYfciiEGdG8mB7QlmGFWd+t9kbnL4b67vBiQoUO6nOIpeYNR3EXuuYftJ1K9APfd1vKSeXs2Fk0U6sBMKoK5rkf4YkNeC05DXw9bder772X14/zQgTQqaI2cwgmNyZ/3dXVqaq0sthictK/14vdRlfozRitxZSJfZpWdVBnRh2e67jjf+jbHRsBNLgWtgRcZFWSQcHGO02mbR5IrFxf5xZZXZ9r0ofbb8B7JaMf1BLBwh1hce1pQMAALUMAABQSwECFAAUAAgICABmd0pKdYXHtaUDAAC1DAAABwAAAAAAAAAAAAAAAAAAAAAAdXNlci5qc1BLBQYAAAAAAQABADUAAADaAwAAAAA=}, version=51.0.1, platform=XP, proxy={}, command_id=1, specificationLevel=0, acceptSslCerts=false, processId=4752, webdriver.remote.sessionid=c045af24-8b38-4543-9e6c-e6f175bcf432, browserVersion=51.0.1, platformVersion=10.0, XULappId={ec8030f7-c20a-464f-9b0e-13a3a9e97384}, browserName=firefox, takesScreenshot=true, takesElementScreenshot=true, javascriptEnabled=true, platformName=windows_nt, cssSelectorsEnabled=true}]&#10;Session ID: c045af24-8b38-4543-9e6c-e6f175bcf432" type="org.openqa.selenium.TimeoutException">org.openqa.selenium.TimeoutException: 
Expected condition failed: waiting for visibility of all [] (tried for 20 second(s) with 500 MILLISECONDS interval)
Build info: version: '3.0.1', revision: '1969d75', time: '2016-10-18 09:49:13 -0700'
System info: host: 'LT022', ip: '10.10.10.71', os.name: 'Windows 10', os.arch: 'amd64', os.version: '10.0', java.version: '1.8.0_92'
Driver info: analytics.AnalyticsDriver
Capabilities [{rotatable=false, raisesAccessibilityExceptions=false, marionette=true, firefoxOptions={args=[], profile=UEsDBBQACAgIAGZ3SkoAAAAAAAAAAAAAAAAHAAAAdXNlci5qc51WTW/bMAy971cMOW3AKqTretlOXdcBA4Z1aFDsKMgSbauRJU0fcfPvR/mjSRNHbndKbJMS+fj4yOjBUeugfLconGnxiXhWQvdf6oo0TLXMAQHNCgVi8eFtyZSH91/exJ2nYAFtrHEhudTAVKj7Z4JGG8ln/DWE1rg1qUOwxNbS19uz9Nky788U6CrU6Pjx8vK52xiwAybwR0AAHkB8l86HK4yFK0C34OJhuKbBvB4pr51pgHrupA3URU2DbJLLxXL6osAKTxAOfauvlfEwnc1oLUyrlWEC79KsSsDWpv1Tg14hWgmpaXeLQdng02W0MYKpGexhE4xRnoBzxnGjvVH7cB+n72WljUbUGmgKcKvu0edz8eC9RKtgkAsOfETcSgyUcsd8nfdVUq+JsaApPAZwmqlUzFczqExlvYt6+rIWCuHkBp8Z54DljBoz90gHysEFP4nEU6Wkt4ptQdycL1e/DDInlfbTtDG+Erf6j9RYX3++JBIvMvd3P9FjwQoTw+dCMb1eHHOuT4gypeiDRzBSnLKH/ji2RysRbrQlbS0DKOkDHvA3SneKCYkGaxnI0E0j6zC5xIUsAIphYbAB8lTzibfRkhq7xuLZtAXFUwdFl0q6OEg5VVt3rCHRYoGBaIS23N6jyat1JNrUSjfZ8IBHJ8MWmaIA/xEfnOSBGicrqak1SvJtnqoaWmw7MuSTqeazQPuTSXq5ikUju1b53b286sj4Mt2cPCab8VN3DoVJRUHLE+q160NMs+34e9yIpizRDs6YtZ4g+0xLiy0VULKowrScjLBzbwf+TEd7zIcs20Y6I/dRqYLbkl4ZO/uPc7bZo0dEbu5/XpELwnZFOk7vgW1YPyGyonpYirFH8jw6jtvBQzfEspf0NE3H5/PcQ5zFYL71SrDiSIIkOufLUxran0o1C/hIYQN6RkH3JuMtMmw2nEIZvu407UWF8sAcrwfazE3dhvTkJiI2Nls0JPmLqPiMLwYBclJMC+qRBh2Kz8X05tOL9dnYfciiEGdG8mB7QlmGFWd+t9kbnL4b67vBiQoUO6nOIpeYNR3EXuuYftJ1K9APfd1vKSeXs2Fk0U6sBMKoK5rkf4YkNeC05DXw9bder772X14/zQgTQqaI2cwgmNyZ/3dXVqaq0sthictK/14vdRlfozRitxZSJfZpWdVBnRh2e67jjf+jbHRsBNLgWtgRcZFWSQcHGO02mbR5IrFxf5xZZXZ9r0ofbb8B7JaMf1BLBwh1hce1pQMAALUMAABQSwECFAAUAAgICABmd0pKdYXHtaUDAAC1DAAABwAAAAAAAAAAAAAAAAAAAAAAdXNlci5qc1BLBQYAAAAAAQABADUAAADaAwAAAAA=}, appBuildId=20170125094131, moz:firefoxOptions={args=[], profile=UEsDBBQACAgIAGZ3SkoAAAAAAAAAAAAAAAAHAAAAdXNlci5qc51WTW/bMAy971cMOW3AKqTretlOXdcBA4Z1aFDsKMgSbauRJU0fcfPvR/mjSRNHbndKbJMS+fj4yOjBUeugfLconGnxiXhWQvdf6oo0TLXMAQHNCgVi8eFtyZSH91/exJ2nYAFtrHEhudTAVKj7Z4JGG8ln/DWE1rg1qUOwxNbS19uz9Nky788U6CrU6Pjx8vK52xiwAybwR0AAHkB8l86HK4yFK0C34OJhuKbBvB4pr51pgHrupA3URU2DbJLLxXL6osAKTxAOfauvlfEwnc1oLUyrlWEC79KsSsDWpv1Tg14hWgmpaXeLQdng02W0MYKpGexhE4xRnoBzxnGjvVH7cB+n72WljUbUGmgKcKvu0edz8eC9RKtgkAsOfETcSgyUcsd8nfdVUq+JsaApPAZwmqlUzFczqExlvYt6+rIWCuHkBp8Z54DljBoz90gHysEFP4nEU6Wkt4ptQdycL1e/DDInlfbTtDG+Erf6j9RYX3++JBIvMvd3P9FjwQoTw+dCMb1eHHOuT4gypeiDRzBSnLKH/ji2RysRbrQlbS0DKOkDHvA3SneKCYkGaxnI0E0j6zC5xIUsAIphYbAB8lTzibfRkhq7xuLZtAXFUwdFl0q6OEg5VVt3rCHRYoGBaIS23N6jyat1JNrUSjfZ8IBHJ8MWmaIA/xEfnOSBGicrqak1SvJtnqoaWmw7MuSTqeazQPuTSXq5ikUju1b53b286sj4Mt2cPCab8VN3DoVJRUHLE+q160NMs+34e9yIpizRDs6YtZ4g+0xLiy0VULKowrScjLBzbwf+TEd7zIcs20Y6I/dRqYLbkl4ZO/uPc7bZo0dEbu5/XpELwnZFOk7vgW1YPyGyonpYirFH8jw6jtvBQzfEspf0NE3H5/PcQ5zFYL71SrDiSIIkOufLUxran0o1C/hIYQN6RkH3JuMtMmw2nEIZvu407UWF8sAcrwfazE3dhvTkJiI2Nls0JPmLqPiMLwYBclJMC+qRBh2Kz8X05tOL9dnYfciiEGdG8mB7QlmGFWd+t9kbnL4b67vBiQoUO6nOIpeYNR3EXuuYftJ1K9APfd1vKSeXs2Fk0U6sBMKoK5rkf4YkNeC05DXw9bder772X14/zQgTQqaI2cwgmNyZ/3dXVqaq0sthictK/14vdRlfozRitxZSJfZpWdVBnRh2e67jjf+jbHRsBNLgWtgRcZFWSQcHGO02mbR5IrFxf5xZZXZ9r0ofbb8B7JaMf1BLBwh1hce1pQMAALUMAABQSwECFAAUAAgICABmd0pKdYXHtaUDAAC1DAAABwAAAAAAAAAAAAAAAAAAAAAAdXNlci5qc1BLBQYAAAAAAQABADUAAADaAwAAAAA=}, version=51.0.1, platform=XP, proxy={}, command_id=1, specificationLevel=0, acceptSslCerts=false, processId=4752, webdriver.remote.sessionid=c045af24-8b38-4543-9e6c-e6f175bcf432, browserVersion=51.0.1, platformVersion=10.0, XULappId={ec8030f7-c20a-464f-9b0e-13a3a9e97384}, browserName=firefox, takesScreenshot=true, takesElementScreenshot=true, javascriptEnabled=true, platformName=windows_nt, cssSelectorsEnabled=true}]
Session ID: c045af24-8b38-4543-9e6c-e6f175bcf432
	at reports.FigureChecking.openView(FigureChecking.java:152)
	at reports.FigureChecking.checkReportTables(FigureChecking.java:38)
</failure>
    <system-out><![CDATA[Exception choosing Area > Report > Level
]]></system-out>
  </testcase>
  <testcase name="checkReportTables" classname="reports.FigureChecking" time="24.958"/>
  <testcase name="checkReportTables" classname="reports.FigureChecking" time="27.645"/>
  <testcase name="checkReportTables" classname="reports.FigureChecking" time="28.734"/>
  <testcase name="checkReportTables" classname="reports.FigureChecking" time="23.268"/>
  <testcase name="checkReportTables" classname="reports.FigureChecking" time="28.338"/>
  <testcase name="checkReportTables" classname="reports.FigureChecking" time="1.575"/>
  <testcase name="checkReportTables" classname="reports.FigureChecking" time="15.184"/>
  <testcase name="checkReportTables" classname="reports.FigureChecking" time="22.114"/>
  <testcase name="checkReportTables" classname="reports.FigureChecking" time="3.714"/>
  <testcase name="checkReportTables" classname="reports.FigureChecking" time="7.368"/>
  <testcase name="checkReportTables" classname="reports.FigureChecking" time="14.589"/>
  <testcase name="checkReportTables" classname="reports.FigureChecking" time="5.641"/>
  <testcase name="checkReportTables" classname="reports.FigureChecking" time="14.298"/>
  <testcase name="checkReportTables" classname="reports.FigureChecking" time="16.749"/>
  <testcase name="checkReportTables" classname="reports.FigureChecking" time="19.548"/>
  <testcase name="checkReportTables" classname="reports.FigureChecking" time="15.121"/>
  <testcase name="checkReportTables" classname="reports.FigureChecking" time="17.747"/>
  <testcase name="checkReportTables" classname="reports.FigureChecking" time="17.763"/>
  <testcase name="checkReportTables" classname="reports.FigureChecking" time="21.847"/>
  <testcase name="checkReportTables" classname="reports.FigureChecking" time="22.682"/>
  <testcase name="checkReportTables" classname="reports.FigureChecking" time="23.025"/>
  <testcase name="checkReportTables" classname="reports.FigureChecking" time="17.786"/>
  <testcase name="checkReportTables" classname="reports.FigureChecking" time="0.118"/>
  <testcase name="checkReportTables" classname="reports.FigureChecking" time="3.046"/>
  <testcase name="checkReportTables" classname="reports.FigureChecking" time="13.208"/>
  <testcase name="checkReportTables" classname="reports.FigureChecking" time="19.868"/>
</testsuite>