<?xml version="1.0" encoding="UTF-8"?>
<!-- Generated by org.testng.reporters.JUnitReportReporter -->
<testsuite name="reports.FigureChecking" tests="35" time="915.467" ignored="0" failures="2" timestamp="10 Feb 2017 15:05:02 GMT" skipped="0" hostname="LT022" errors="3">
  <testcase name="checkReportTables" time="34.982" classname="reports.FigureChecking"/>
  <testcase name="checkReportTables" time="30.752" classname="reports.FigureChecking"/>
  <testcase name="checkReportTables" time="28.352" classname="reports.FigureChecking"/>
  <testcase name="checkReportTables" time="27.996" classname="reports.FigureChecking"/>
  <testcase name="checkReportTables" time="21.552" classname="reports.FigureChecking"/>
  <testcase name="checkReportTables" time="22.768" classname="reports.FigureChecking"/>
  <testcase name="checkReportTables" time="23.613" classname="reports.FigureChecking">
    <failure type="java.lang.AssertionError" message="Rows with differences
Expected: is &lt;0&gt;
     but: was &lt;9&gt;">
      <![CDATA[java.lang.AssertionError: Rows with differences
Expected: is <0>
     but: was <9>
	at org.hamcrest.MatcherAssert.assertThat(MatcherAssert.java:20)
	at reports.FigureChecking.checkNamedTableFigures(FigureChecking.java:303)
	at reports.FigureChecking.checkReportTables(FigureChecking.java:46)
	at sun.reflect.NativeMethodAccessorImpl.invoke0(Native Method)
	at sun.reflect.NativeMethodAccessorImpl.invoke(NativeMethodAccessorImpl.java:62)
	at sun.reflect.DelegatingMethodAccessorImpl.invoke(DelegatingMethodAccessorImpl.java:43)
	at java.lang.reflect.Method.invoke(Method.java:498)
	at org.testng.internal.MethodInvocationHelper.invokeMethod(MethodInvocationHelper.java:104)
	at org.testng.internal.Invoker.invokeMethod(Invoker.java:645)
	at org.testng.internal.Invoker.invokeTestMethod(Invoker.java:851)
	at org.testng.internal.Invoker.invokeTestMethods(Invoker.java:1177)
	at org.testng.internal.TestMethodWorker.invokeTestMethods(TestMethodWorker.java:129)
	at org.testng.internal.TestMethodWorker.run(TestMethodWorker.java:112)
	at org.testng.TestRunner.privateRun(TestRunner.java:756)
	at org.testng.TestRunner.run(TestRunner.java:610)
	at org.testng.SuiteRunner.runTest(SuiteRunner.java:387)
	at org.testng.SuiteRunner.access$000(SuiteRunner.java:39)
	at org.testng.SuiteRunner$SuiteWorker.run(SuiteRunner.java:421)
	at org.testng.internal.thread.ThreadUtil$2.call(ThreadUtil.java:64)
	at java.util.concurrent.FutureTask.run(FutureTask.java:266)
	at java.util.concurrent.ThreadPoolExecutor.runWorker(ThreadPoolExecutor.java:1142)
	at java.util.concurrent.ThreadPoolExecutor$Worker.run(ThreadPoolExecutor.java:617)
	at java.lang.Thread.run(Thread.java:745)
]]>
    </failure>
  </testcase> <!-- checkReportTables -->
  <testcase name="checkReportTables" time="28.823" classname="reports.FigureChecking"/>
  <testcase name="checkReportTables" time="27.115" classname="reports.FigureChecking"/>
  <testcase name="checkReportTables" time="33.605" classname="reports.FigureChecking">
    <error type="org.openqa.selenium.TimeoutException" message="Expected condition failed: waiting for visibility of all [] (tried for 20 second(s) with 500 MILLISECONDS interval)
Build info: version: &#039;3.0.1&#039;, revision: &#039;1969d75&#039;, time: &#039;2016-10-18 09:49:13 -0700&#039;
System info: host: &#039;LT022&#039;, ip: &#039;10.10.10.71&#039;, os.name: &#039;Windows 10&#039;, os.arch: &#039;amd64&#039;, os.version: &#039;10.0&#039;, java.version: &#039;1.8.0_92&#039;
Driver info: analytics.AnalyticsDriver
Capabilities [{rotatable=false, raisesAccessibilityExceptions=false, marionette=true, firefoxOptions={args=[], profile=UEsDBBQACAgIAGJ3SkoAAAAAAAAAAAAAAAAHAAAAdXNlci5qc51WTW/bMAy971cMOW3AKqTretlOXdcBA4Z1aFDsKMgSbauRJU0fcfPvR/mjSRNHbndKbJMS+fj4yOjBUeugfLconGnxiXhWQvdf6oo0TLXMAQHNCgVi8eFtyZSH91/exJ2nYAFtrHEhudTAVKj7Z4JGG8ln/DWE1rg1qUOwxNbS19uz9Nky788U6CrU6Pjx8vK52xiwAybwR0AAHkB8l86HK4yFK0C34OJhuKbBvB4pr51pgHrupA3URU2DbJLLxXL6osAKTxAOfauvlfEwnc1oLUyrlWEC79KsSsDWpv1Tg14hWgmpaXeLQdng02W0MYKpGexhE4xRnoBzxnGjvVH7cB+n72WljUbUGmgKcKvu0edz8eC9RKtgkAsOfETcSgyUcsd8nfdVUq+JsaApPAZwmqlUzFczqExlvYt6+rIWCuHkBp8Z54DljBoz90gHysEFP4nEU6Wkt4ptQdycL1e/DDInlfbTtDG+Erf6j9RYX3++JBIvMvd3P9FjwQoTw+dCMb1eHHOuT4gypeiDRzBSnLKH/ji2RysRbrQlbS0DKOkDHvA3SneKCYkGaxnI0E0j6zC5xIUsAIphYbAB8lTzibfRkhq7xuLZtAXFUwdFl0q6OEg5VVt3rCHRYoGBaIS23N6jyat1JNrUSjfZ8IBHJ8MWmaIA/xEfnOSBGicrqak1SvJtnqoaWmw7MuSTqeazQPuTSXq5ikUju1b53b286sj4Mt2cPCab8VN3DoVJRUHLE+q160NMs+34e9yIpizRDs6YtZ4g+0xLiy0VULKowrScjLBzbwf+TEd7zIcs20Y6I/dRqYLbkl4ZO/uPc7bZo0dEbu5/XpELwnZFOk7vgW1YPyGyonpYirFH8jw6jtvBQzfEspf0NE3H5/PcQ5zFYL71SrDiSIIkOufLUxran0o1C/hIYQN6RkH3JuMtMmw2nEIZvu407UWF8sAcrwfazE3dhvTkJiI2Nls0JPmLqPiMLwYBclJMC+qRBh2Kz8X05tOL9dnYfciiEGdG8mB7QlmGFWd+t9kbnL4b67vBiQoUO6nOIpeYNR3EXuuYftJ1K9APfd1vKSeXs2Fk0U6sBMKoK5rkf4YkNeC05DXw9bder772X14/zQgTQqaI2cwgmNyZ/3dXVqaq0sthictK/14vdRlfozRitxZSJfZpWdVBnRh2e67jjf+jbHRsBNLgWtgRcZFWSQcHGO02mbR5IrFxf5xZZXZ9r0ofbb8B7JaMf1BLBwh1hce1pQMAALUMAABQSwECFAAUAAgICABid0pKdYXHtaUDAAC1DAAABwAAAAAAAAAAAAAAAAAAAAAAdXNlci5qc1BLBQYAAAAAAQABADUAAADaAwAAAAA=}, appBuildId=20170125094131, moz:firefoxOptions={args=[], profile=UEsDBBQACAgIAGJ3SkoAAAAAAAAAAAAAAAAHAAAAdXNlci5qc51WTW/bMAy971cMOW3AKqTretlOXdcBA4Z1aFDsKMgSbauRJU0fcfPvR/mjSRNHbndKbJMS+fj4yOjBUeugfLconGnxiXhWQvdf6oo0TLXMAQHNCgVi8eFtyZSH91/exJ2nYAFtrHEhudTAVKj7Z4JGG8ln/DWE1rg1qUOwxNbS19uz9Nky788U6CrU6Pjx8vK52xiwAybwR0AAHkB8l86HK4yFK0C34OJhuKbBvB4pr51pgHrupA3URU2DbJLLxXL6osAKTxAOfauvlfEwnc1oLUyrlWEC79KsSsDWpv1Tg14hWgmpaXeLQdng02W0MYKpGexhE4xRnoBzxnGjvVH7cB+n72WljUbUGmgKcKvu0edz8eC9RKtgkAsOfETcSgyUcsd8nfdVUq+JsaApPAZwmqlUzFczqExlvYt6+rIWCuHkBp8Z54DljBoz90gHysEFP4nEU6Wkt4ptQdycL1e/DDInlfbTtDG+Erf6j9RYX3++JBIvMvd3P9FjwQoTw+dCMb1eHHOuT4gypeiDRzBSnLKH/ji2RysRbrQlbS0DKOkDHvA3SneKCYkGaxnI0E0j6zC5xIUsAIphYbAB8lTzibfRkhq7xuLZtAXFUwdFl0q6OEg5VVt3rCHRYoGBaIS23N6jyat1JNrUSjfZ8IBHJ8MWmaIA/xEfnOSBGicrqak1SvJtnqoaWmw7MuSTqeazQPuTSXq5ikUju1b53b286sj4Mt2cPCab8VN3DoVJRUHLE+q160NMs+34e9yIpizRDs6YtZ4g+0xLiy0VULKowrScjLBzbwf+TEd7zIcs20Y6I/dRqYLbkl4ZO/uPc7bZo0dEbu5/XpELwnZFOk7vgW1YPyGyonpYirFH8jw6jtvBQzfEspf0NE3H5/PcQ5zFYL71SrDiSIIkOufLUxran0o1C/hIYQN6RkH3JuMtMmw2nEIZvu407UWF8sAcrwfazE3dhvTkJiI2Nls0JPmLqPiMLwYBclJMC+qRBh2Kz8X05tOL9dnYfciiEGdG8mB7QlmGFWd+t9kbnL4b67vBiQoUO6nOIpeYNR3EXuuYftJ1K9APfd1vKSeXs2Fk0U6sBMKoK5rkf4YkNeC05DXw9bder772X14/zQgTQqaI2cwgmNyZ/3dXVqaq0sthictK/14vdRlfozRitxZSJfZpWdVBnRh2e67jjf+jbHRsBNLgWtgRcZFWSQcHGO02mbR5IrFxf5xZZXZ9r0ofbb8B7JaMf1BLBwh1hce1pQMAALUMAABQSwECFAAUAAgICABid0pKdYXHtaUDAAC1DAAABwAAAAAAAAAAAAAAAAAAAAAAdXNlci5qc1BLBQYAAAAAAQABADUAAADaAwAAAAA=}, version=51.0.1, platform=XP, proxy={}, command_id=1, specificationLevel=0, acceptSslCerts=false, processId=4568, webdriver.remote.sessionid=c0a0fbe7-bcc6-48c8-8cb6-c4a254b9841f, browserVersion=51.0.1, platformVersion=10.0, XULappId={ec8030f7-c20a-464f-9b0e-13a3a9e97384}, browserName=firefox, takesScreenshot=true, takesElementScreenshot=true, javascriptEnabled=true, platformName=windows_nt, cssSelectorsEnabled=true}]
Session ID: c0a0fbe7-bcc6-48c8-8cb6-c4a254b9841f">
      <![CDATA[org.openqa.selenium.TimeoutException: Expected condition failed: waiting for visibility of all [] (tried for 20 second(s) with 500 MILLISECONDS interval)
Build info: version: '3.0.1', revision: '1969d75', time: '2016-10-18 09:49:13 -0700'
System info: host: 'LT022', ip: '10.10.10.71', os.name: 'Windows 10', os.arch: 'amd64', os.version: '10.0', java.version: '1.8.0_92'
Driver info: analytics.AnalyticsDriver
Capabilities [{rotatable=false, raisesAccessibilityExceptions=false, marionette=true, firefoxOptions={args=[], profile=UEsDBBQACAgIAGJ3SkoAAAAAAAAAAAAAAAAHAAAAdXNlci5qc51WTW/bMAy971cMOW3AKqTretlOXdcBA4Z1aFDsKMgSbauRJU0fcfPvR/mjSRNHbndKbJMS+fj4yOjBUeugfLconGnxiXhWQvdf6oo0TLXMAQHNCgVi8eFtyZSH91/exJ2nYAFtrHEhudTAVKj7Z4JGG8ln/DWE1rg1qUOwxNbS19uz9Nky788U6CrU6Pjx8vK52xiwAybwR0AAHkB8l86HK4yFK0C34OJhuKbBvB4pr51pgHrupA3URU2DbJLLxXL6osAKTxAOfauvlfEwnc1oLUyrlWEC79KsSsDWpv1Tg14hWgmpaXeLQdng02W0MYKpGexhE4xRnoBzxnGjvVH7cB+n72WljUbUGmgKcKvu0edz8eC9RKtgkAsOfETcSgyUcsd8nfdVUq+JsaApPAZwmqlUzFczqExlvYt6+rIWCuHkBp8Z54DljBoz90gHysEFP4nEU6Wkt4ptQdycL1e/DDInlfbTtDG+Erf6j9RYX3++JBIvMvd3P9FjwQoTw+dCMb1eHHOuT4gypeiDRzBSnLKH/ji2RysRbrQlbS0DKOkDHvA3SneKCYkGaxnI0E0j6zC5xIUsAIphYbAB8lTzibfRkhq7xuLZtAXFUwdFl0q6OEg5VVt3rCHRYoGBaIS23N6jyat1JNrUSjfZ8IBHJ8MWmaIA/xEfnOSBGicrqak1SvJtnqoaWmw7MuSTqeazQPuTSXq5ikUju1b53b286sj4Mt2cPCab8VN3DoVJRUHLE+q160NMs+34e9yIpizRDs6YtZ4g+0xLiy0VULKowrScjLBzbwf+TEd7zIcs20Y6I/dRqYLbkl4ZO/uPc7bZo0dEbu5/XpELwnZFOk7vgW1YPyGyonpYirFH8jw6jtvBQzfEspf0NE3H5/PcQ5zFYL71SrDiSIIkOufLUxran0o1C/hIYQN6RkH3JuMtMmw2nEIZvu407UWF8sAcrwfazE3dhvTkJiI2Nls0JPmLqPiMLwYBclJMC+qRBh2Kz8X05tOL9dnYfciiEGdG8mB7QlmGFWd+t9kbnL4b67vBiQoUO6nOIpeYNR3EXuuYftJ1K9APfd1vKSeXs2Fk0U6sBMKoK5rkf4YkNeC05DXw9bder772X14/zQgTQqaI2cwgmNyZ/3dXVqaq0sthictK/14vdRlfozRitxZSJfZpWdVBnRh2e67jjf+jbHRsBNLgWtgRcZFWSQcHGO02mbR5IrFxf5xZZXZ9r0ofbb8B7JaMf1BLBwh1hce1pQMAALUMAABQSwECFAAUAAgICABid0pKdYXHtaUDAAC1DAAABwAAAAAAAAAAAAAAAAAAAAAAdXNlci5qc1BLBQYAAAAAAQABADUAAADaAwAAAAA=}, appBuildId=20170125094131, moz:firefoxOptions={args=[], profile=UEsDBBQACAgIAGJ3SkoAAAAAAAAAAAAAAAAHAAAAdXNlci5qc51WTW/bMAy971cMOW3AKqTretlOXdcBA4Z1aFDsKMgSbauRJU0fcfPvR/mjSRNHbndKbJMS+fj4yOjBUeugfLconGnxiXhWQvdf6oo0TLXMAQHNCgVi8eFtyZSH91/exJ2nYAFtrHEhudTAVKj7Z4JGG8ln/DWE1rg1qUOwxNbS19uz9Nky788U6CrU6Pjx8vK52xiwAybwR0AAHkB8l86HK4yFK0C34OJhuKbBvB4pr51pgHrupA3URU2DbJLLxXL6osAKTxAOfauvlfEwnc1oLUyrlWEC79KsSsDWpv1Tg14hWgmpaXeLQdng02W0MYKpGexhE4xRnoBzxnGjvVH7cB+n72WljUbUGmgKcKvu0edz8eC9RKtgkAsOfETcSgyUcsd8nfdVUq+JsaApPAZwmqlUzFczqExlvYt6+rIWCuHkBp8Z54DljBoz90gHysEFP4nEU6Wkt4ptQdycL1e/DDInlfbTtDG+Erf6j9RYX3++JBIvMvd3P9FjwQoTw+dCMb1eHHOuT4gypeiDRzBSnLKH/ji2RysRbrQlbS0DKOkDHvA3SneKCYkGaxnI0E0j6zC5xIUsAIphYbAB8lTzibfRkhq7xuLZtAXFUwdFl0q6OEg5VVt3rCHRYoGBaIS23N6jyat1JNrUSjfZ8IBHJ8MWmaIA/xEfnOSBGicrqak1SvJtnqoaWmw7MuSTqeazQPuTSXq5ikUju1b53b286sj4Mt2cPCab8VN3DoVJRUHLE+q160NMs+34e9yIpizRDs6YtZ4g+0xLiy0VULKowrScjLBzbwf+TEd7zIcs20Y6I/dRqYLbkl4ZO/uPc7bZo0dEbu5/XpELwnZFOk7vgW1YPyGyonpYirFH8jw6jtvBQzfEspf0NE3H5/PcQ5zFYL71SrDiSIIkOufLUxran0o1C/hIYQN6RkH3JuMtMmw2nEIZvu407UWF8sAcrwfazE3dhvTkJiI2Nls0JPmLqPiMLwYBclJMC+qRBh2Kz8X05tOL9dnYfciiEGdG8mB7QlmGFWd+t9kbnL4b67vBiQoUO6nOIpeYNR3EXuuYftJ1K9APfd1vKSeXs2Fk0U6sBMKoK5rkf4YkNeC05DXw9bder772X14/zQgTQqaI2cwgmNyZ/3dXVqaq0sthictK/14vdRlfozRitxZSJfZpWdVBnRh2e67jjf+jbHRsBNLgWtgRcZFWSQcHGO02mbR5IrFxf5xZZXZ9r0ofbb8B7JaMf1BLBwh1hce1pQMAALUMAABQSwECFAAUAAgICABid0pKdYXHtaUDAAC1DAAABwAAAAAAAAAAAAAAAAAAAAAAdXNlci5qc1BLBQYAAAAAAQABADUAAADaAwAAAAA=}, version=51.0.1, platform=XP, proxy={}, command_id=1, specificationLevel=0, acceptSslCerts=false, processId=4568, webdriver.remote.sessionid=c0a0fbe7-bcc6-48c8-8cb6-c4a254b9841f, browserVersion=51.0.1, platformVersion=10.0, XULappId={ec8030f7-c20a-464f-9b0e-13a3a9e97384}, browserName=firefox, takesScreenshot=true, takesElementScreenshot=true, javascriptEnabled=true, platformName=windows_nt, cssSelectorsEnabled=true}]
Session ID: c0a0fbe7-bcc6-48c8-8cb6-c4a254b9841f
	at org.openqa.selenium.support.ui.WebDriverWait.timeoutException(WebDriverWait.java:80)
	at org.openqa.selenium.support.ui.FluentWait.until(FluentWait.java:265)
	at analytics.pages.reports.Report.waitForListGridDisplay(Report.java:440)
	at analytics.pages.reports.Report.expandAreaGrid(Report.java:432)
	at analytics.pages.reports.Report.openView(Report.java:66)
	at reports.FigureChecking.openView(FigureChecking.java:152)
	at reports.FigureChecking.checkReportTables(FigureChecking.java:38)
	at sun.reflect.NativeMethodAccessorImpl.invoke0(Native Method)
	at sun.reflect.NativeMethodAccessorImpl.invoke(NativeMethodAccessorImpl.java:62)
	at sun.reflect.DelegatingMethodAccessorImpl.invoke(DelegatingMethodAccessorImpl.java:43)
	at java.lang.reflect.Method.invoke(Method.java:498)
	at org.testng.internal.MethodInvocationHelper.invokeMethod(MethodInvocationHelper.java:104)
	at org.testng.internal.Invoker.invokeMethod(Invoker.java:645)
	at org.testng.internal.Invoker.invokeTestMethod(Invoker.java:851)
	at org.testng.internal.Invoker.invokeTestMethods(Invoker.java:1177)
	at org.testng.internal.TestMethodWorker.invokeTestMethods(TestMethodWorker.java:129)
	at org.testng.internal.TestMethodWorker.run(TestMethodWorker.java:112)
	at org.testng.TestRunner.privateRun(TestRunner.java:756)
	at org.testng.TestRunner.run(TestRunner.java:610)
	at org.testng.SuiteRunner.runTest(SuiteRunner.java:387)
	at org.testng.SuiteRunner.access$000(SuiteRunner.java:39)
	at org.testng.SuiteRunner$SuiteWorker.run(SuiteRunner.java:421)
	at org.testng.internal.thread.ThreadUtil$2.call(ThreadUtil.java:64)
	at java.util.concurrent.FutureTask.run(FutureTask.java:266)
	at java.util.concurrent.ThreadPoolExecutor.runWorker(ThreadPoolExecutor.java:1142)
	at java.util.concurrent.ThreadPoolExecutor$Worker.run(ThreadPoolExecutor.java:617)
	at java.lang.Thread.run(Thread.java:745)
]]>
    </error>
  </testcase> <!-- checkReportTables -->
  <testcase name="checkReportTables" time="23.164" classname="reports.FigureChecking"/>
  <testcase name="checkReportTables" time="32.866" classname="reports.FigureChecking"/>
  <testcase name="checkReportTables" time="29.085" classname="reports.FigureChecking"/>
  <testcase name="checkReportTables" time="24.201" classname="reports.FigureChecking"/>
  <testcase name="checkReportTables" time="26.801" classname="reports.FigureChecking"/>
  <testcase name="checkReportTables" time="24.731" classname="reports.FigureChecking"/>
  <testcase name="checkReportTables" time="21.667" classname="reports.FigureChecking"/>
  <testcase name="checkReportTables" time="19.877" classname="reports.FigureChecking"/>
  <testcase name="checkReportTables" time="29.777" classname="reports.FigureChecking"/>
  <testcase name="checkReportTables" time="26.269" classname="reports.FigureChecking"/>
  <testcase name="checkReportTables" time="23.998" classname="reports.FigureChecking"/>
  <testcase name="checkReportTables" time="22.023" classname="reports.FigureChecking"/>
  <testcase name="checkReportTables" time="27.688" classname="reports.FigureChecking"/>
  <testcase name="checkReportTables" time="27.212" classname="reports.FigureChecking"/>
  <testcase name="checkReportTables" time="24.147" classname="reports.FigureChecking">
    <failure type="java.lang.AssertionError" message="Rows with differences
Expected: is &lt;0&gt;
     but: was &lt;11&gt;">
      <![CDATA[java.lang.AssertionError: Rows with differences
Expected: is <0>
     but: was <11>
	at org.hamcrest.MatcherAssert.assertThat(MatcherAssert.java:20)
	at reports.FigureChecking.checkNamedTableFigures(FigureChecking.java:303)
	at reports.FigureChecking.checkReportTables(FigureChecking.java:46)
	at sun.reflect.NativeMethodAccessorImpl.invoke0(Native Method)
	at sun.reflect.NativeMethodAccessorImpl.invoke(NativeMethodAccessorImpl.java:62)
	at sun.reflect.DelegatingMethodAccessorImpl.invoke(DelegatingMethodAccessorImpl.java:43)
	at java.lang.reflect.Method.invoke(Method.java:498)
	at org.testng.internal.MethodInvocationHelper.invokeMethod(MethodInvocationHelper.java:104)
	at org.testng.internal.Invoker.invokeMethod(Invoker.java:645)
	at org.testng.internal.Invoker.invokeTestMethod(Invoker.java:851)
	at org.testng.internal.Invoker.invokeTestMethods(Invoker.java:1177)
	at org.testng.internal.TestMethodWorker.invokeTestMethods(TestMethodWorker.java:129)
	at org.testng.internal.TestMethodWorker.run(TestMethodWorker.java:112)
	at org.testng.TestRunner.privateRun(TestRunner.java:756)
	at org.testng.TestRunner.run(TestRunner.java:610)
	at org.testng.SuiteRunner.runTest(SuiteRunner.java:387)
	at org.testng.SuiteRunner.access$000(SuiteRunner.java:39)
	at org.testng.SuiteRunner$SuiteWorker.run(SuiteRunner.java:421)
	at org.testng.internal.thread.ThreadUtil$2.call(ThreadUtil.java:64)
	at java.util.concurrent.FutureTask.run(FutureTask.java:266)
	at java.util.concurrent.ThreadPoolExecutor.runWorker(ThreadPoolExecutor.java:1142)
	at java.util.concurrent.ThreadPoolExecutor$Worker.run(ThreadPoolExecutor.java:617)
	at java.lang.Thread.run(Thread.java:745)
]]>
    </failure>
  </testcase> <!-- checkReportTables -->
  <testcase name="checkReportTables" time="17.830" classname="reports.FigureChecking"/>
  <testcase name="checkReportTables" time="23.017" classname="reports.FigureChecking"/>
  <testcase name="checkReportTables" time="27.279" classname="reports.FigureChecking"/>
  <testcase name="checkReportTables" time="30.518" classname="reports.FigureChecking">
    <error type="org.openqa.selenium.TimeoutException" message="Expected condition failed: waiting for visibility of all [] (tried for 20 second(s) with 500 MILLISECONDS interval)
Build info: version: &#039;3.0.1&#039;, revision: &#039;1969d75&#039;, time: &#039;2016-10-18 09:49:13 -0700&#039;
System info: host: &#039;LT022&#039;, ip: &#039;10.10.10.71&#039;, os.name: &#039;Windows 10&#039;, os.arch: &#039;amd64&#039;, os.version: &#039;10.0&#039;, java.version: &#039;1.8.0_92&#039;
Driver info: analytics.AnalyticsDriver
Capabilities [{rotatable=false, raisesAccessibilityExceptions=false, marionette=true, firefoxOptions={args=[], profile=UEsDBBQACAgIAGZ3SkoAAAAAAAAAAAAAAAAHAAAAdXNlci5qc51WTW/bMAy971cMOW3AKqTretlOXdcBA4Z1aFDsKMgSbauRJU0fcfPvR/mjSRNHbndKbJMS+fj4yOjBUeugfLconGnxiXhWQvdf6oo0TLXMAQHNCgVi8eFtyZSH91/exJ2nYAFtrHEhudTAVKj7Z4JGG8ln/DWE1rg1qUOwxNbS19uz9Nky788U6CrU6Pjx8vK52xiwAybwR0AAHkB8l86HK4yFK0C34OJhuKbBvB4pr51pgHrupA3URU2DbJLLxXL6osAKTxAOfauvlfEwnc1oLUyrlWEC79KsSsDWpv1Tg14hWgmpaXeLQdng02W0MYKpGexhE4xRnoBzxnGjvVH7cB+n72WljUbUGmgKcKvu0edz8eC9RKtgkAsOfETcSgyUcsd8nfdVUq+JsaApPAZwmqlUzFczqExlvYt6+rIWCuHkBp8Z54DljBoz90gHysEFP4nEU6Wkt4ptQdycL1e/DDInlfbTtDG+Erf6j9RYX3++JBIvMvd3P9FjwQoTw+dCMb1eHHOuT4gypeiDRzBSnLKH/ji2RysRbrQlbS0DKOkDHvA3SneKCYkGaxnI0E0j6zC5xIUsAIphYbAB8lTzibfRkhq7xuLZtAXFUwdFl0q6OEg5VVt3rCHRYoGBaIS23N6jyat1JNrUSjfZ8IBHJ8MWmaIA/xEfnOSBGicrqak1SvJtnqoaWmw7MuSTqeazQPuTSXq5ikUju1b53b286sj4Mt2cPCab8VN3DoVJRUHLE+q160NMs+34e9yIpizRDs6YtZ4g+0xLiy0VULKowrScjLBzbwf+TEd7zIcs20Y6I/dRqYLbkl4ZO/uPc7bZo0dEbu5/XpELwnZFOk7vgW1YPyGyonpYirFH8jw6jtvBQzfEspf0NE3H5/PcQ5zFYL71SrDiSIIkOufLUxran0o1C/hIYQN6RkH3JuMtMmw2nEIZvu407UWF8sAcrwfazE3dhvTkJiI2Nls0JPmLqPiMLwYBclJMC+qRBh2Kz8X05tOL9dnYfciiEGdG8mB7QlmGFWd+t9kbnL4b67vBiQoUO6nOIpeYNR3EXuuYftJ1K9APfd1vKSeXs2Fk0U6sBMKoK5rkf4YkNeC05DXw9bder772X14/zQgTQqaI2cwgmNyZ/3dXVqaq0sthictK/14vdRlfozRitxZSJfZpWdVBnRh2e67jjf+jbHRsBNLgWtgRcZFWSQcHGO02mbR5IrFxf5xZZXZ9r0ofbb8B7JaMf1BLBwh1hce1pQMAALUMAABQSwECFAAUAAgICABmd0pKdYXHtaUDAAC1DAAABwAAAAAAAAAAAAAAAAAAAAAAdXNlci5qc1BLBQYAAAAAAQABADUAAADaAwAAAAA=}, appBuildId=20170125094131, moz:firefoxOptions={args=[], profile=UEsDBBQACAgIAGZ3SkoAAAAAAAAAAAAAAAAHAAAAdXNlci5qc51WTW/bMAy971cMOW3AKqTretlOXdcBA4Z1aFDsKMgSbauRJU0fcfPvR/mjSRNHbndKbJMS+fj4yOjBUeugfLconGnxiXhWQvdf6oo0TLXMAQHNCgVi8eFtyZSH91/exJ2nYAFtrHEhudTAVKj7Z4JGG8ln/DWE1rg1qUOwxNbS19uz9Nky788U6CrU6Pjx8vK52xiwAybwR0AAHkB8l86HK4yFK0C34OJhuKbBvB4pr51pgHrupA3URU2DbJLLxXL6osAKTxAOfauvlfEwnc1oLUyrlWEC79KsSsDWpv1Tg14hWgmpaXeLQdng02W0MYKpGexhE4xRnoBzxnGjvVH7cB+n72WljUbUGmgKcKvu0edz8eC9RKtgkAsOfETcSgyUcsd8nfdVUq+JsaApPAZwmqlUzFczqExlvYt6+rIWCuHkBp8Z54DljBoz90gHysEFP4nEU6Wkt4ptQdycL1e/DDInlfbTtDG+Erf6j9RYX3++JBIvMvd3P9FjwQoTw+dCMb1eHHOuT4gypeiDRzBSnLKH/ji2RysRbrQlbS0DKOkDHvA3SneKCYkGaxnI0E0j6zC5xIUsAIphYbAB8lTzibfRkhq7xuLZtAXFUwdFl0q6OEg5VVt3rCHRYoGBaIS23N6jyat1JNrUSjfZ8IBHJ8MWmaIA/xEfnOSBGicrqak1SvJtnqoaWmw7MuSTqeazQPuTSXq5ikUju1b53b286sj4Mt2cPCab8VN3DoVJRUHLE+q160NMs+34e9yIpizRDs6YtZ4g+0xLiy0VULKowrScjLBzbwf+TEd7zIcs20Y6I/dRqYLbkl4ZO/uPc7bZo0dEbu5/XpELwnZFOk7vgW1YPyGyonpYirFH8jw6jtvBQzfEspf0NE3H5/PcQ5zFYL71SrDiSIIkOufLUxran0o1C/hIYQN6RkH3JuMtMmw2nEIZvu407UWF8sAcrwfazE3dhvTkJiI2Nls0JPmLqPiMLwYBclJMC+qRBh2Kz8X05tOL9dnYfciiEGdG8mB7QlmGFWd+t9kbnL4b67vBiQoUO6nOIpeYNR3EXuuYftJ1K9APfd1vKSeXs2Fk0U6sBMKoK5rkf4YkNeC05DXw9bder772X14/zQgTQqaI2cwgmNyZ/3dXVqaq0sthictK/14vdRlfozRitxZSJfZpWdVBnRh2e67jjf+jbHRsBNLgWtgRcZFWSQcHGO02mbR5IrFxf5xZZXZ9r0ofbb8B7JaMf1BLBwh1hce1pQMAALUMAABQSwECFAAUAAgICABmd0pKdYXHtaUDAAC1DAAABwAAAAAAAAAAAAAAAAAAAAAAdXNlci5qc1BLBQYAAAAAAQABADUAAADaAwAAAAA=}, version=51.0.1, platform=XP, proxy={}, command_id=1, specificationLevel=0, acceptSslCerts=false, processId=4752, webdriver.remote.sessionid=c045af24-8b38-4543-9e6c-e6f175bcf432, browserVersion=51.0.1, platformVersion=10.0, XULappId={ec8030f7-c20a-464f-9b0e-13a3a9e97384}, browserName=firefox, takesScreenshot=true, takesElementScreenshot=true, javascriptEnabled=true, platformName=windows_nt, cssSelectorsEnabled=true}]
Session ID: c045af24-8b38-4543-9e6c-e6f175bcf432">
      <![CDATA[org.openqa.selenium.TimeoutException: Expected condition failed: waiting for visibility of all [] (tried for 20 second(s) with 500 MILLISECONDS interval)
Build info: version: '3.0.1', revision: '1969d75', time: '2016-10-18 09:49:13 -0700'
System info: host: 'LT022', ip: '10.10.10.71', os.name: 'Windows 10', os.arch: 'amd64', os.version: '10.0', java.version: '1.8.0_92'
Driver info: analytics.AnalyticsDriver
Capabilities [{rotatable=false, raisesAccessibilityExceptions=false, marionette=true, firefoxOptions={args=[], profile=UEsDBBQACAgIAGZ3SkoAAAAAAAAAAAAAAAAHAAAAdXNlci5qc51WTW/bMAy971cMOW3AKqTretlOXdcBA4Z1aFDsKMgSbauRJU0fcfPvR/mjSRNHbndKbJMS+fj4yOjBUeugfLconGnxiXhWQvdf6oo0TLXMAQHNCgVi8eFtyZSH91/exJ2nYAFtrHEhudTAVKj7Z4JGG8ln/DWE1rg1qUOwxNbS19uz9Nky788U6CrU6Pjx8vK52xiwAybwR0AAHkB8l86HK4yFK0C34OJhuKbBvB4pr51pgHrupA3URU2DbJLLxXL6osAKTxAOfauvlfEwnc1oLUyrlWEC79KsSsDWpv1Tg14hWgmpaXeLQdng02W0MYKpGexhE4xRnoBzxnGjvVH7cB+n72WljUbUGmgKcKvu0edz8eC9RKtgkAsOfETcSgyUcsd8nfdVUq+JsaApPAZwmqlUzFczqExlvYt6+rIWCuHkBp8Z54DljBoz90gHysEFP4nEU6Wkt4ptQdycL1e/DDInlfbTtDG+Erf6j9RYX3++JBIvMvd3P9FjwQoTw+dCMb1eHHOuT4gypeiDRzBSnLKH/ji2RysRbrQlbS0DKOkDHvA3SneKCYkGaxnI0E0j6zC5xIUsAIphYbAB8lTzibfRkhq7xuLZtAXFUwdFl0q6OEg5VVt3rCHRYoGBaIS23N6jyat1JNrUSjfZ8IBHJ8MWmaIA/xEfnOSBGicrqak1SvJtnqoaWmw7MuSTqeazQPuTSXq5ikUju1b53b286sj4Mt2cPCab8VN3DoVJRUHLE+q160NMs+34e9yIpizRDs6YtZ4g+0xLiy0VULKowrScjLBzbwf+TEd7zIcs20Y6I/dRqYLbkl4ZO/uPc7bZo0dEbu5/XpELwnZFOk7vgW1YPyGyonpYirFH8jw6jtvBQzfEspf0NE3H5/PcQ5zFYL71SrDiSIIkOufLUxran0o1C/hIYQN6RkH3JuMtMmw2nEIZvu407UWF8sAcrwfazE3dhvTkJiI2Nls0JPmLqPiMLwYBclJMC+qRBh2Kz8X05tOL9dnYfciiEGdG8mB7QlmGFWd+t9kbnL4b67vBiQoUO6nOIpeYNR3EXuuYftJ1K9APfd1vKSeXs2Fk0U6sBMKoK5rkf4YkNeC05DXw9bder772X14/zQgTQqaI2cwgmNyZ/3dXVqaq0sthictK/14vdRlfozRitxZSJfZpWdVBnRh2e67jjf+jbHRsBNLgWtgRcZFWSQcHGO02mbR5IrFxf5xZZXZ9r0ofbb8B7JaMf1BLBwh1hce1pQMAALUMAABQSwECFAAUAAgICABmd0pKdYXHtaUDAAC1DAAABwAAAAAAAAAAAAAAAAAAAAAAdXNlci5qc1BLBQYAAAAAAQABADUAAADaAwAAAAA=}, appBuildId=20170125094131, moz:firefoxOptions={args=[], profile=UEsDBBQACAgIAGZ3SkoAAAAAAAAAAAAAAAAHAAAAdXNlci5qc51WTW/bMAy971cMOW3AKqTretlOXdcBA4Z1aFDsKMgSbauRJU0fcfPvR/mjSRNHbndKbJMS+fj4yOjBUeugfLconGnxiXhWQvdf6oo0TLXMAQHNCgVi8eFtyZSH91/exJ2nYAFtrHEhudTAVKj7Z4JGG8ln/DWE1rg1qUOwxNbS19uz9Nky788U6CrU6Pjx8vK52xiwAybwR0AAHkB8l86HK4yFK0C34OJhuKbBvB4pr51pgHrupA3URU2DbJLLxXL6osAKTxAOfauvlfEwnc1oLUyrlWEC79KsSsDWpv1Tg14hWgmpaXeLQdng02W0MYKpGexhE4xRnoBzxnGjvVH7cB+n72WljUbUGmgKcKvu0edz8eC9RKtgkAsOfETcSgyUcsd8nfdVUq+JsaApPAZwmqlUzFczqExlvYt6+rIWCuHkBp8Z54DljBoz90gHysEFP4nEU6Wkt4ptQdycL1e/DDInlfbTtDG+Erf6j9RYX3++JBIvMvd3P9FjwQoTw+dCMb1eHHOuT4gypeiDRzBSnLKH/ji2RysRbrQlbS0DKOkDHvA3SneKCYkGaxnI0E0j6zC5xIUsAIphYbAB8lTzibfRkhq7xuLZtAXFUwdFl0q6OEg5VVt3rCHRYoGBaIS23N6jyat1JNrUSjfZ8IBHJ8MWmaIA/xEfnOSBGicrqak1SvJtnqoaWmw7MuSTqeazQPuTSXq5ikUju1b53b286sj4Mt2cPCab8VN3DoVJRUHLE+q160NMs+34e9yIpizRDs6YtZ4g+0xLiy0VULKowrScjLBzbwf+TEd7zIcs20Y6I/dRqYLbkl4ZO/uPc7bZo0dEbu5/XpELwnZFOk7vgW1YPyGyonpYirFH8jw6jtvBQzfEspf0NE3H5/PcQ5zFYL71SrDiSIIkOufLUxran0o1C/hIYQN6RkH3JuMtMmw2nEIZvu407UWF8sAcrwfazE3dhvTkJiI2Nls0JPmLqPiMLwYBclJMC+qRBh2Kz8X05tOL9dnYfciiEGdG8mB7QlmGFWd+t9kbnL4b67vBiQoUO6nOIpeYNR3EXuuYftJ1K9APfd1vKSeXs2Fk0U6sBMKoK5rkf4YkNeC05DXw9bder772X14/zQgTQqaI2cwgmNyZ/3dXVqaq0sthictK/14vdRlfozRitxZSJfZpWdVBnRh2e67jjf+jbHRsBNLgWtgRcZFWSQcHGO02mbR5IrFxf5xZZXZ9r0ofbb8B7JaMf1BLBwh1hce1pQMAALUMAABQSwECFAAUAAgICABmd0pKdYXHtaUDAAC1DAAABwAAAAAAAAAAAAAAAAAAAAAAdXNlci5qc1BLBQYAAAAAAQABADUAAADaAwAAAAA=}, version=51.0.1, platform=XP, proxy={}, command_id=1, specificationLevel=0, acceptSslCerts=false, processId=4752, webdriver.remote.sessionid=c045af24-8b38-4543-9e6c-e6f175bcf432, browserVersion=51.0.1, platformVersion=10.0, XULappId={ec8030f7-c20a-464f-9b0e-13a3a9e97384}, browserName=firefox, takesScreenshot=true, takesElementScreenshot=true, javascriptEnabled=true, platformName=windows_nt, cssSelectorsEnabled=true}]
Session ID: c045af24-8b38-4543-9e6c-e6f175bcf432
	at org.openqa.selenium.support.ui.WebDriverWait.timeoutException(WebDriverWait.java:80)
	at org.openqa.selenium.support.ui.FluentWait.until(FluentWait.java:265)
	at analytics.pages.reports.Report.waitForListGridDisplay(Report.java:440)
	at analytics.pages.reports.Report.expandAreaGrid(Report.java:432)
	at analytics.pages.reports.Report.openView(Report.java:66)
	at reports.FigureChecking.openView(FigureChecking.java:152)
	at reports.FigureChecking.checkReportTables(FigureChecking.java:38)
	at sun.reflect.NativeMethodAccessorImpl.invoke0(Native Method)
	at sun.reflect.NativeMethodAccessorImpl.invoke(NativeMethodAccessorImpl.java:62)
	at sun.reflect.DelegatingMethodAccessorImpl.invoke(DelegatingMethodAccessorImpl.java:43)
	at java.lang.reflect.Method.invoke(Method.java:498)
	at org.testng.internal.MethodInvocationHelper.invokeMethod(MethodInvocationHelper.java:104)
	at org.testng.internal.Invoker.invokeMethod(Invoker.java:645)
	at org.testng.internal.Invoker.invokeTestMethod(Invoker.java:851)
	at org.testng.internal.Invoker.invokeTestMethods(Invoker.java:1177)
	at org.testng.internal.TestMethodWorker.invokeTestMethods(TestMethodWorker.java:129)
	at org.testng.internal.TestMethodWorker.run(TestMethodWorker.java:112)
	at org.testng.TestRunner.privateRun(TestRunner.java:756)
	at org.testng.TestRunner.run(TestRunner.java:610)
	at org.testng.SuiteRunner.runTest(SuiteRunner.java:387)
	at org.testng.SuiteRunner.access$000(SuiteRunner.java:39)
	at org.testng.SuiteRunner$SuiteWorker.run(SuiteRunner.java:421)
	at org.testng.internal.thread.ThreadUtil$2.call(ThreadUtil.java:64)
	at java.util.concurrent.FutureTask.run(FutureTask.java:266)
	at java.util.concurrent.ThreadPoolExecutor.runWorker(ThreadPoolExecutor.java:1142)
	at java.util.concurrent.ThreadPoolExecutor$Worker.run(ThreadPoolExecutor.java:617)
	at java.lang.Thread.run(Thread.java:745)
]]>
    </error>
  </testcase> <!-- checkReportTables -->
  <testcase name="checkReportTables" time="24.942" classname="reports.FigureChecking"/>
  <testcase name="checkReportTables" time="27.498" classname="reports.FigureChecking"/>
  <testcase name="checkReportTables" time="28.734" classname="reports.FigureChecking"/>
  <testcase name="checkReportTables" time="19.553" classname="reports.FigureChecking"/>
  <testcase name="checkReportTables" time="31.661" classname="reports.FigureChecking">
    <error type="org.openqa.selenium.TimeoutException" message="Expected condition failed: waiting for visibility of all [] (tried for 20 second(s) with 500 MILLISECONDS interval)
Build info: version: &#039;3.0.1&#039;, revision: &#039;1969d75&#039;, time: &#039;2016-10-18 09:49:13 -0700&#039;
System info: host: &#039;LT022&#039;, ip: &#039;10.10.10.71&#039;, os.name: &#039;Windows 10&#039;, os.arch: &#039;amd64&#039;, os.version: &#039;10.0&#039;, java.version: &#039;1.8.0_92&#039;
Driver info: analytics.AnalyticsDriver
Capabilities [{rotatable=false, raisesAccessibilityExceptions=false, marionette=true, firefoxOptions={args=[], profile=UEsDBBQACAgIAGV3SkoAAAAAAAAAAAAAAAAHAAAAdXNlci5qc51WTW/bMAy971cMOW3AKqTretlOXdcBA4Z1aFDsKMgSbauRJU0fcfPvR/mjSRNHbndKbJMS+fj4yOjBUeugfLconGnxiXhWQvdf6oo0TLXMAQHNCgVi8eFtyZSH91/exJ2nYAFtrHEhudTAVKj7Z4JGG8ln/DWE1rg1qUOwxNbS19uz9Nky788U6CrU6Pjx8vK52xiwAybwR0AAHkB8l86HK4yFK0C34OJhuKbBvB4pr51pgHrupA3URU2DbJLLxXL6osAKTxAOfauvlfEwnc1oLUyrlWEC79KsSsDWpv1Tg14hWgmpaXeLQdng02W0MYKpGexhE4xRnoBzxnGjvVH7cB+n72WljUbUGmgKcKvu0edz8eC9RKtgkAsOfETcSgyUcsd8nfdVUq+JsaApPAZwmqlUzFczqExlvYt6+rIWCuHkBp8Z54DljBoz90gHysEFP4nEU6Wkt4ptQdycL1e/DDInlfbTtDG+Erf6j9RYX3++JBIvMvd3P9FjwQoTw+dCMb1eHHOuT4gypeiDRzBSnLKH/ji2RysRbrQlbS0DKOkDHvA3SneKCYkGaxnI0E0j6zC5xIUsAIphYbAB8lTzibfRkhq7xuLZtAXFUwdFl0q6OEg5VVt3rCHRYoGBaIS23N6jyat1JNrUSjfZ8IBHJ8MWmaIA/xEfnOSBGicrqak1SvJtnqoaWmw7MuSTqeazQPuTSXq5ikUju1b53b286sj4Mt2cPCab8VN3DoVJRUHLE+q160NMs+34e9yIpizRDs6YtZ4g+0xLiy0VULKowrScjLBzbwf+TEd7zIcs20Y6I/dRqYLbkl4ZO/uPc7bZo0dEbu5/XpELwnZFOk7vgW1YPyGyonpYirFH8jw6jtvBQzfEspf0NE3H5/PcQ5zFYL71SrDiSIIkOufLUxran0o1C/hIYQN6RkH3JuMtMmw2nEIZvu407UWF8sAcrwfazE3dhvTkJiI2Nls0JPmLqPiMLwYBclJMC+qRBh2Kz8X05tOL9dnYfciiEGdG8mB7QlmGFWd+t9kbnL4b67vBiQoUO6nOIpeYNR3EXuuYftJ1K9APfd1vKSeXs2Fk0U6sBMKoK5rkf4YkNeC05DXw9bder772X14/zQgTQqaI2cwgmNyZ/3dXVqaq0sthictK/14vdRlfozRitxZSJfZpWdVBnRh2e67jjf+jbHRsBNLgWtgRcZFWSQcHGO02mbR5IrFxf5xZZXZ9r0ofbb8B7JaMf1BLBwh1hce1pQMAALUMAABQSwECFAAUAAgICABld0pKdYXHtaUDAAC1DAAABwAAAAAAAAAAAAAAAAAAAAAAdXNlci5qc1BLBQYAAAAAAQABADUAAADaAwAAAAA=}, appBuildId=20170125094131, moz:firefoxOptions={args=[], profile=UEsDBBQACAgIAGV3SkoAAAAAAAAAAAAAAAAHAAAAdXNlci5qc51WTW/bMAy971cMOW3AKqTretlOXdcBA4Z1aFDsKMgSbauRJU0fcfPvR/mjSRNHbndKbJMS+fj4yOjBUeugfLconGnxiXhWQvdf6oo0TLXMAQHNCgVi8eFtyZSH91/exJ2nYAFtrHEhudTAVKj7Z4JGG8ln/DWE1rg1qUOwxNbS19uz9Nky788U6CrU6Pjx8vK52xiwAybwR0AAHkB8l86HK4yFK0C34OJhuKbBvB4pr51pgHrupA3URU2DbJLLxXL6osAKTxAOfauvlfEwnc1oLUyrlWEC79KsSsDWpv1Tg14hWgmpaXeLQdng02W0MYKpGexhE4xRnoBzxnGjvVH7cB+n72WljUbUGmgKcKvu0edz8eC9RKtgkAsOfETcSgyUcsd8nfdVUq+JsaApPAZwmqlUzFczqExlvYt6+rIWCuHkBp8Z54DljBoz90gHysEFP4nEU6Wkt4ptQdycL1e/DDInlfbTtDG+Erf6j9RYX3++JBIvMvd3P9FjwQoTw+dCMb1eHHOuT4gypeiDRzBSnLKH/ji2RysRbrQlbS0DKOkDHvA3SneKCYkGaxnI0E0j6zC5xIUsAIphYbAB8lTzibfRkhq7xuLZtAXFUwdFl0q6OEg5VVt3rCHRYoGBaIS23N6jyat1JNrUSjfZ8IBHJ8MWmaIA/xEfnOSBGicrqak1SvJtnqoaWmw7MuSTqeazQPuTSXq5ikUju1b53b286sj4Mt2cPCab8VN3DoVJRUHLE+q160NMs+34e9yIpizRDs6YtZ4g+0xLiy0VULKowrScjLBzbwf+TEd7zIcs20Y6I/dRqYLbkl4ZO/uPc7bZo0dEbu5/XpELwnZFOk7vgW1YPyGyonpYirFH8jw6jtvBQzfEspf0NE3H5/PcQ5zFYL71SrDiSIIkOufLUxran0o1C/hIYQN6RkH3JuMtMmw2nEIZvu407UWF8sAcrwfazE3dhvTkJiI2Nls0JPmLqPiMLwYBclJMC+qRBh2Kz8X05tOL9dnYfciiEGdG8mB7QlmGFWd+t9kbnL4b67vBiQoUO6nOIpeYNR3EXuuYftJ1K9APfd1vKSeXs2Fk0U6sBMKoK5rkf4YkNeC05DXw9bder772X14/zQgTQqaI2cwgmNyZ/3dXVqaq0sthictK/14vdRlfozRitxZSJfZpWdVBnRh2e67jjf+jbHRsBNLgWtgRcZFWSQcHGO02mbR5IrFxf5xZZXZ9r0ofbb8B7JaMf1BLBwh1hce1pQMAALUMAABQSwECFAAUAAgICABld0pKdYXHtaUDAAC1DAAABwAAAAAAAAAAAAAAAAAAAAAAdXNlci5qc1BLBQYAAAAAAQABADUAAADaAwAAAAA=}, version=51.0.1, platform=XP, proxy={}, command_id=1, specificationLevel=0, acceptSslCerts=false, processId=3168, webdriver.remote.sessionid=5e6bf40f-93f9-4846-b144-090aa5f2520a, browserVersion=51.0.1, platformVersion=10.0, XULappId={ec8030f7-c20a-464f-9b0e-13a3a9e97384}, browserName=firefox, takesScreenshot=true, takesElementScreenshot=true, javascriptEnabled=true, platformName=windows_nt, cssSelectorsEnabled=true}]
Session ID: 5e6bf40f-93f9-4846-b144-090aa5f2520a">
      <![CDATA[org.openqa.selenium.TimeoutException: Expected condition failed: waiting for visibility of all [] (tried for 20 second(s) with 500 MILLISECONDS interval)
Build info: version: '3.0.1', revision: '1969d75', time: '2016-10-18 09:49:13 -0700'
System info: host: 'LT022', ip: '10.10.10.71', os.name: 'Windows 10', os.arch: 'amd64', os.version: '10.0', java.version: '1.8.0_92'
Driver info: analytics.AnalyticsDriver
Capabilities [{rotatable=false, raisesAccessibilityExceptions=false, marionette=true, firefoxOptions={args=[], profile=UEsDBBQACAgIAGV3SkoAAAAAAAAAAAAAAAAHAAAAdXNlci5qc51WTW/bMAy971cMOW3AKqTretlOXdcBA4Z1aFDsKMgSbauRJU0fcfPvR/mjSRNHbndKbJMS+fj4yOjBUeugfLconGnxiXhWQvdf6oo0TLXMAQHNCgVi8eFtyZSH91/exJ2nYAFtrHEhudTAVKj7Z4JGG8ln/DWE1rg1qUOwxNbS19uz9Nky788U6CrU6Pjx8vK52xiwAybwR0AAHkB8l86HK4yFK0C34OJhuKbBvB4pr51pgHrupA3URU2DbJLLxXL6osAKTxAOfauvlfEwnc1oLUyrlWEC79KsSsDWpv1Tg14hWgmpaXeLQdng02W0MYKpGexhE4xRnoBzxnGjvVH7cB+n72WljUbUGmgKcKvu0edz8eC9RKtgkAsOfETcSgyUcsd8nfdVUq+JsaApPAZwmqlUzFczqExlvYt6+rIWCuHkBp8Z54DljBoz90gHysEFP4nEU6Wkt4ptQdycL1e/DDInlfbTtDG+Erf6j9RYX3++JBIvMvd3P9FjwQoTw+dCMb1eHHOuT4gypeiDRzBSnLKH/ji2RysRbrQlbS0DKOkDHvA3SneKCYkGaxnI0E0j6zC5xIUsAIphYbAB8lTzibfRkhq7xuLZtAXFUwdFl0q6OEg5VVt3rCHRYoGBaIS23N6jyat1JNrUSjfZ8IBHJ8MWmaIA/xEfnOSBGicrqak1SvJtnqoaWmw7MuSTqeazQPuTSXq5ikUju1b53b286sj4Mt2cPCab8VN3DoVJRUHLE+q160NMs+34e9yIpizRDs6YtZ4g+0xLiy0VULKowrScjLBzbwf+TEd7zIcs20Y6I/dRqYLbkl4ZO/uPc7bZo0dEbu5/XpELwnZFOk7vgW1YPyGyonpYirFH8jw6jtvBQzfEspf0NE3H5/PcQ5zFYL71SrDiSIIkOufLUxran0o1C/hIYQN6RkH3JuMtMmw2nEIZvu407UWF8sAcrwfazE3dhvTkJiI2Nls0JPmLqPiMLwYBclJMC+qRBh2Kz8X05tOL9dnYfciiEGdG8mB7QlmGFWd+t9kbnL4b67vBiQoUO6nOIpeYNR3EXuuYftJ1K9APfd1vKSeXs2Fk0U6sBMKoK5rkf4YkNeC05DXw9bder772X14/zQgTQqaI2cwgmNyZ/3dXVqaq0sthictK/14vdRlfozRitxZSJfZpWdVBnRh2e67jjf+jbHRsBNLgWtgRcZFWSQcHGO02mbR5IrFxf5xZZXZ9r0ofbb8B7JaMf1BLBwh1hce1pQMAALUMAABQSwECFAAUAAgICABld0pKdYXHtaUDAAC1DAAABwAAAAAAAAAAAAAAAAAAAAAAdXNlci5qc1BLBQYAAAAAAQABADUAAADaAwAAAAA=}, appBuildId=20170125094131, moz:firefoxOptions={args=[], profile=UEsDBBQACAgIAGV3SkoAAAAAAAAAAAAAAAAHAAAAdXNlci5qc51WTW/bMAy971cMOW3AKqTretlOXdcBA4Z1aFDsKMgSbauRJU0fcfPvR/mjSRNHbndKbJMS+fj4yOjBUeugfLconGnxiXhWQvdf6oo0TLXMAQHNCgVi8eFtyZSH91/exJ2nYAFtrHEhudTAVKj7Z4JGG8ln/DWE1rg1qUOwxNbS19uz9Nky788U6CrU6Pjx8vK52xiwAybwR0AAHkB8l86HK4yFK0C34OJhuKbBvB4pr51pgHrupA3URU2DbJLLxXL6osAKTxAOfauvlfEwnc1oLUyrlWEC79KsSsDWpv1Tg14hWgmpaXeLQdng02W0MYKpGexhE4xRnoBzxnGjvVH7cB+n72WljUbUGmgKcKvu0edz8eC9RKtgkAsOfETcSgyUcsd8nfdVUq+JsaApPAZwmqlUzFczqExlvYt6+rIWCuHkBp8Z54DljBoz90gHysEFP4nEU6Wkt4ptQdycL1e/DDInlfbTtDG+Erf6j9RYX3++JBIvMvd3P9FjwQoTw+dCMb1eHHOuT4gypeiDRzBSnLKH/ji2RysRbrQlbS0DKOkDHvA3SneKCYkGaxnI0E0j6zC5xIUsAIphYbAB8lTzibfRkhq7xuLZtAXFUwdFl0q6OEg5VVt3rCHRYoGBaIS23N6jyat1JNrUSjfZ8IBHJ8MWmaIA/xEfnOSBGicrqak1SvJtnqoaWmw7MuSTqeazQPuTSXq5ikUju1b53b286sj4Mt2cPCab8VN3DoVJRUHLE+q160NMs+34e9yIpizRDs6YtZ4g+0xLiy0VULKowrScjLBzbwf+TEd7zIcs20Y6I/dRqYLbkl4ZO/uPc7bZo0dEbu5/XpELwnZFOk7vgW1YPyGyonpYirFH8jw6jtvBQzfEspf0NE3H5/PcQ5zFYL71SrDiSIIkOufLUxran0o1C/hIYQN6RkH3JuMtMmw2nEIZvu407UWF8sAcrwfazE3dhvTkJiI2Nls0JPmLqPiMLwYBclJMC+qRBh2Kz8X05tOL9dnYfciiEGdG8mB7QlmGFWd+t9kbnL4b67vBiQoUO6nOIpeYNR3EXuuYftJ1K9APfd1vKSeXs2Fk0U6sBMKoK5rkf4YkNeC05DXw9bder772X14/zQgTQqaI2cwgmNyZ/3dXVqaq0sthictK/14vdRlfozRitxZSJfZpWdVBnRh2e67jjf+jbHRsBNLgWtgRcZFWSQcHGO02mbR5IrFxf5xZZXZ9r0ofbb8B7JaMf1BLBwh1hce1pQMAALUMAABQSwECFAAUAAgICABld0pKdYXHtaUDAAC1DAAABwAAAAAAAAAAAAAAAAAAAAAAdXNlci5qc1BLBQYAAAAAAQABADUAAADaAwAAAAA=}, version=51.0.1, platform=XP, proxy={}, command_id=1, specificationLevel=0, acceptSslCerts=false, processId=3168, webdriver.remote.sessionid=5e6bf40f-93f9-4846-b144-090aa5f2520a, browserVersion=51.0.1, platformVersion=10.0, XULappId={ec8030f7-c20a-464f-9b0e-13a3a9e97384}, browserName=firefox, takesScreenshot=true, takesElementScreenshot=true, javascriptEnabled=true, platformName=windows_nt, cssSelectorsEnabled=true}]
Session ID: 5e6bf40f-93f9-4846-b144-090aa5f2520a
	at org.openqa.selenium.support.ui.WebDriverWait.timeoutException(WebDriverWait.java:80)
	at org.openqa.selenium.support.ui.FluentWait.until(FluentWait.java:265)
	at analytics.pages.reports.Report.waitForListGridDisplay(Report.java:440)
	at analytics.pages.reports.Report.expandAreaGrid(Report.java:432)
	at analytics.pages.reports.Report.openView(Report.java:66)
	at reports.FigureChecking.openView(FigureChecking.java:152)
	at reports.FigureChecking.checkReportTables(FigureChecking.java:38)
	at sun.reflect.NativeMethodAccessorImpl.invoke0(Native Method)
	at sun.reflect.NativeMethodAccessorImpl.invoke(NativeMethodAccessorImpl.java:62)
	at sun.reflect.DelegatingMethodAccessorImpl.invoke(DelegatingMethodAccessorImpl.java:43)
	at java.lang.reflect.Method.invoke(Method.java:498)
	at org.testng.internal.MethodInvocationHelper.invokeMethod(MethodInvocationHelper.java:104)
	at org.testng.internal.Invoker.invokeMethod(Invoker.java:645)
	at org.testng.internal.Invoker.invokeTestMethod(Invoker.java:851)
	at org.testng.internal.Invoker.invokeTestMethods(Invoker.java:1177)
	at org.testng.internal.TestMethodWorker.invokeTestMethods(TestMethodWorker.java:129)
	at org.testng.internal.TestMethodWorker.run(TestMethodWorker.java:112)
	at org.testng.TestRunner.privateRun(TestRunner.java:756)
	at org.testng.TestRunner.run(TestRunner.java:610)
	at org.testng.SuiteRunner.runTest(SuiteRunner.java:387)
	at org.testng.SuiteRunner.access$000(SuiteRunner.java:39)
	at org.testng.SuiteRunner$SuiteWorker.run(SuiteRunner.java:421)
	at org.testng.internal.thread.ThreadUtil$2.call(ThreadUtil.java:64)
	at java.util.concurrent.FutureTask.run(FutureTask.java:266)
	at java.util.concurrent.ThreadPoolExecutor.runWorker(ThreadPoolExecutor.java:1142)
	at java.util.concurrent.ThreadPoolExecutor$Worker.run(ThreadPoolExecutor.java:617)
	at java.lang.Thread.run(Thread.java:745)
]]>
    </error>
  </testcase> <!-- checkReportTables -->
  <testcase name="checkReportTables" time="21.371" classname="reports.FigureChecking"/>
</testsuite> <!-- reports.FigureChecking -->
